2023-05-21 13:25:33,635 TRACE org.springframework.boot.logging.DeferredLog [main] RandomValuePropertySource add to Environment
2023-05-21 13:25:33,652 TRACE org.springframework.boot.logging.DeferredLog [main] Post-processing environment to add config data
2023-05-21 13:25:33,653 TRACE org.springframework.boot.logging.DeferredLog [main] Building config data environment contributors
2023-05-21 13:25:33,654 TRACE org.springframework.boot.logging.DeferredLog [main] Creating wrapped config data contributor for 'configurationProperties'
2023-05-21 13:25:33,655 TRACE org.springframework.boot.logging.DeferredLog [main] Creating wrapped config data contributor for 'servletConfigInitParams'
2023-05-21 13:25:33,664 TRACE org.springframework.boot.logging.DeferredLog [main] Creating wrapped config data contributor for 'servletContextInitParams'
2023-05-21 13:25:33,665 TRACE org.springframework.boot.logging.DeferredLog [main] Creating wrapped config data contributor for 'systemProperties'
2023-05-21 13:25:33,666 TRACE org.springframework.boot.logging.DeferredLog [main] Creating wrapped config data contributor for 'systemEnvironment'
2023-05-21 13:25:33,666 TRACE org.springframework.boot.logging.DeferredLog [main] Creating wrapped config data contributor for 'random'
2023-05-21 13:25:33,667 TRACE org.springframework.boot.logging.DeferredLog [main] Adding initial config data import from location 'optional:file:./;optional:file:./config/;optional:file:./config/*/'
2023-05-21 13:25:33,668 TRACE org.springframework.boot.logging.DeferredLog [main] Adding initial config data import from location 'optional:classpath:/;optional:classpath:/config/'
2023-05-21 13:25:33,668 TRACE org.springframework.boot.logging.DeferredLog [main] Processing initial config data environment contributors without activation context
2023-05-21 13:25:33,669 TRACE org.springframework.boot.logging.DeferredLog [main] Processing imports for phase BEFORE_PROFILE_ACTIVATION. no activation context
2023-05-21 13:25:33,670 TRACE org.springframework.boot.logging.DeferredLog [main] Processing imports [optional:file:./;optional:file:./config/;optional:file:./config/*/]
2023-05-21 13:25:33,671 TRACE org.springframework.boot.logging.DeferredLog [main] Skipping missing resource file:./application.yaml
2023-05-21 13:25:33,672 TRACE org.springframework.boot.logging.DeferredLog [main] Skipping missing resource file:./application.yml
2023-05-21 13:25:33,676 TRACE org.springframework.boot.logging.DeferredLog [main] Skipping missing resource file:./application.xml
2023-05-21 13:25:33,681 TRACE org.springframework.boot.logging.DeferredLog [main] Skipping missing resource file:./application.properties
2023-05-21 13:25:33,682 TRACE org.springframework.boot.logging.DeferredLog [main] Skipping missing resource file:./config/application.yaml
2023-05-21 13:25:33,683 TRACE org.springframework.boot.logging.DeferredLog [main] Skipping missing resource file:./config/application.yml
2023-05-21 13:25:33,684 TRACE org.springframework.boot.logging.DeferredLog [main] Skipping missing resource file:./config/application.xml
2023-05-21 13:25:33,684 TRACE org.springframework.boot.logging.DeferredLog [main] Skipping missing resource file:./config/application.properties
2023-05-21 13:25:33,684 TRACE org.springframework.boot.logging.DeferredLog [main] Considering resource file [.] from location optional:file:./;optional:file:./config/;optional:file:./config/*/
2023-05-21 13:25:33,685 TRACE org.springframework.boot.logging.DeferredLog [main] Loading file [.] using loader org.springframework.boot.context.config.StandardConfigDataLoader
2023-05-21 13:25:33,685 TRACE org.springframework.boot.logging.DeferredLog [main] Loaded resource file [.] from location optional:file:./;optional:file:./config/;optional:file:./config/*/
2023-05-21 13:25:33,687 TRACE org.springframework.boot.logging.DeferredLog [main] Imported 1 resource [file [.]]
2023-05-21 13:25:33,687 TRACE org.springframework.boot.logging.DeferredLog [main] Processing imports [optional:classpath:/;optional:classpath:/config/]
2023-05-21 13:25:33,688 TRACE org.springframework.boot.logging.DeferredLog [main] Skipping missing resource classpath:/application.yaml
2023-05-21 13:25:33,688 TRACE org.springframework.boot.logging.DeferredLog [main] Skipping missing resource classpath:/application.xml
2023-05-21 13:25:33,689 TRACE org.springframework.boot.logging.DeferredLog [main] Skipping missing resource classpath:/application.properties
2023-05-21 13:25:33,693 TRACE org.springframework.boot.logging.DeferredLog [main] Skipping missing resource classpath:/config/application.yaml
2023-05-21 13:25:33,695 TRACE org.springframework.boot.logging.DeferredLog [main] Skipping missing resource classpath:/config/application.yml
2023-05-21 13:25:33,697 TRACE org.springframework.boot.logging.DeferredLog [main] Skipping missing resource classpath:/config/application.xml
2023-05-21 13:25:33,698 TRACE org.springframework.boot.logging.DeferredLog [main] Skipping missing resource classpath:/config/application.properties
2023-05-21 13:25:33,699 TRACE org.springframework.boot.logging.DeferredLog [main] Considering resource class path resource [application.yml] from location optional:classpath:/;optional:classpath:/config/
2023-05-21 13:25:33,699 TRACE org.springframework.boot.logging.DeferredLog [main] Loading class path resource [application.yml] using loader org.springframework.boot.context.config.StandardConfigDataLoader
2023-05-21 13:25:33,700 TRACE org.springframework.boot.logging.DeferredLog [main] Loaded resource class path resource [application.yml] from location optional:classpath:/;optional:classpath:/config/
2023-05-21 13:25:33,700 TRACE org.springframework.boot.logging.DeferredLog [main] Imported 1 resource [class path resource [application.yml]]
2023-05-21 13:25:33,701 TRACE org.springframework.boot.logging.DeferredLog [main] Processed imports for of 2 contributors
2023-05-21 13:25:33,701 TRACE org.springframework.boot.logging.DeferredLog [main] Creating config data activation context from initial contributions
2023-05-21 13:25:33,702 TRACE org.springframework.boot.logging.DeferredLog [main] Processing config data environment contributors with initial activation context
2023-05-21 13:25:33,713 TRACE org.springframework.boot.logging.DeferredLog [main] Processing imports for phase BEFORE_PROFILE_ACTIVATION. [ConfigDataActivationContext@1080b026 cloudPlatform = [null], profiles = [null]]
2023-05-21 13:25:33,714 TRACE org.springframework.boot.logging.DeferredLog [main] Processed imports for of 0 contributors
2023-05-21 13:25:33,715 TRACE org.springframework.boot.logging.DeferredLog [main] Deducing profiles from current config data environment contributors
2023-05-21 13:25:33,715 TRACE org.springframework.boot.logging.DeferredLog [main] Processing config data environment contributors with profile activation context
2023-05-21 13:25:33,716 TRACE org.springframework.boot.logging.DeferredLog [main] Processing imports for phase AFTER_PROFILE_ACTIVATION. [ConfigDataActivationContext@58ebfd03 cloudPlatform = [null], profiles = [Profiles@5b07730f active = '[test]', default = '[default]', accepted = '[test]']]
2023-05-21 13:25:33,716 TRACE org.springframework.boot.logging.DeferredLog [main] Processing imports [optional:file:./;optional:file:./config/;optional:file:./config/*/]
2023-05-21 13:25:33,717 TRACE org.springframework.boot.logging.DeferredLog [main] Skipping missing resource file:./application.yaml
2023-05-21 13:25:33,717 TRACE org.springframework.boot.logging.DeferredLog [main] Skipping missing resource file:./application.yml
2023-05-21 13:25:33,718 TRACE org.springframework.boot.logging.DeferredLog [main] Skipping missing resource file:./application.xml
2023-05-21 13:25:33,718 TRACE org.springframework.boot.logging.DeferredLog [main] Skipping missing resource file:./application.properties
2023-05-21 13:25:33,719 TRACE org.springframework.boot.logging.DeferredLog [main] Skipping missing resource file:./config/application.yaml
2023-05-21 13:25:33,720 TRACE org.springframework.boot.logging.DeferredLog [main] Skipping missing resource file:./config/application.yml
2023-05-21 13:25:33,721 TRACE org.springframework.boot.logging.DeferredLog [main] Skipping missing resource file:./config/application.xml
2023-05-21 13:25:33,721 TRACE org.springframework.boot.logging.DeferredLog [main] Skipping missing resource file:./config/application.properties
2023-05-21 13:25:33,722 TRACE org.springframework.boot.logging.DeferredLog [main] Skipping missing resource file:./application-test.yaml
2023-05-21 13:25:33,723 TRACE org.springframework.boot.logging.DeferredLog [main] Skipping missing resource file:./application-test.yml
2023-05-21 13:25:33,728 TRACE org.springframework.boot.logging.DeferredLog [main] Skipping missing resource file:./application-test.xml
2023-05-21 13:25:33,729 TRACE org.springframework.boot.logging.DeferredLog [main] Skipping missing resource file:./application-test.properties
2023-05-21 13:25:33,729 TRACE org.springframework.boot.logging.DeferredLog [main] Skipping missing resource file:./config/application-test.yaml
2023-05-21 13:25:33,730 TRACE org.springframework.boot.logging.DeferredLog [main] Skipping missing resource file:./config/application-test.yml
2023-05-21 13:25:33,731 TRACE org.springframework.boot.logging.DeferredLog [main] Skipping missing resource file:./config/application-test.xml
2023-05-21 13:25:33,732 TRACE org.springframework.boot.logging.DeferredLog [main] Skipping missing resource file:./config/application-test.properties
2023-05-21 13:25:33,732 TRACE org.springframework.boot.logging.DeferredLog [main] Considering resource file [.] from location optional:file:./;optional:file:./config/;optional:file:./config/*/
2023-05-21 13:25:33,733 TRACE org.springframework.boot.logging.DeferredLog [main] Already loaded resource file [.] ignoring location optional:file:./;optional:file:./config/;optional:file:./config/*/
2023-05-21 13:25:33,734 TRACE org.springframework.boot.logging.DeferredLog [main] Considering resource file [.] from location optional:file:./;optional:file:./config/;optional:file:./config/*/
2023-05-21 13:25:33,735 TRACE org.springframework.boot.logging.DeferredLog [main] Already loaded resource file [.] ignoring location optional:file:./;optional:file:./config/;optional:file:./config/*/
2023-05-21 13:25:33,736 TRACE org.springframework.boot.logging.DeferredLog [main] Nothing imported
2023-05-21 13:25:33,737 TRACE org.springframework.boot.logging.DeferredLog [main] Processing imports [optional:classpath:/;optional:classpath:/config/]
2023-05-21 13:25:33,738 TRACE org.springframework.boot.logging.DeferredLog [main] Skipping missing resource classpath:/application.yaml
2023-05-21 13:25:33,739 TRACE org.springframework.boot.logging.DeferredLog [main] Skipping missing resource classpath:/application.xml
2023-05-21 13:25:33,746 TRACE org.springframework.boot.logging.DeferredLog [main] Skipping missing resource classpath:/application.properties
2023-05-21 13:25:33,747 TRACE org.springframework.boot.logging.DeferredLog [main] Skipping missing resource classpath:/config/application.yaml
2023-05-21 13:25:33,748 TRACE org.springframework.boot.logging.DeferredLog [main] Skipping missing resource classpath:/config/application.yml
2023-05-21 13:25:33,748 TRACE org.springframework.boot.logging.DeferredLog [main] Skipping missing resource classpath:/config/application.xml
2023-05-21 13:25:33,749 TRACE org.springframework.boot.logging.DeferredLog [main] Skipping missing resource classpath:/config/application.properties
2023-05-21 13:25:33,749 TRACE org.springframework.boot.logging.DeferredLog [main] Skipping missing resource classpath:/application-test.yaml
2023-05-21 13:25:33,749 TRACE org.springframework.boot.logging.DeferredLog [main] Skipping missing resource classpath:/application-test.xml
2023-05-21 13:25:33,750 TRACE org.springframework.boot.logging.DeferredLog [main] Skipping missing resource classpath:/application-test.properties
2023-05-21 13:25:33,751 TRACE org.springframework.boot.logging.DeferredLog [main] Skipping missing resource classpath:/config/application-test.yaml
2023-05-21 13:25:33,751 TRACE org.springframework.boot.logging.DeferredLog [main] Skipping missing resource classpath:/config/application-test.yml
2023-05-21 13:25:33,752 TRACE org.springframework.boot.logging.DeferredLog [main] Skipping missing resource classpath:/config/application-test.xml
2023-05-21 13:25:33,753 TRACE org.springframework.boot.logging.DeferredLog [main] Skipping missing resource classpath:/config/application-test.properties
2023-05-21 13:25:33,753 TRACE org.springframework.boot.logging.DeferredLog [main] Considering resource class path resource [application-test.yml] from location optional:classpath:/;optional:classpath:/config/
2023-05-21 13:25:33,754 TRACE org.springframework.boot.logging.DeferredLog [main] Loading class path resource [application-test.yml] using loader org.springframework.boot.context.config.StandardConfigDataLoader
2023-05-21 13:25:33,763 TRACE org.springframework.boot.logging.DeferredLog [main] Loaded resource class path resource [application-test.yml] from location optional:classpath:/;optional:classpath:/config/
2023-05-21 13:25:33,764 TRACE org.springframework.boot.logging.DeferredLog [main] Considering resource class path resource [application.yml] from location optional:classpath:/;optional:classpath:/config/
2023-05-21 13:25:33,764 TRACE org.springframework.boot.logging.DeferredLog [main] Already loaded resource class path resource [application.yml] ignoring location optional:classpath:/;optional:classpath:/config/
2023-05-21 13:25:33,765 TRACE org.springframework.boot.logging.DeferredLog [main] Imported 1 resource [class path resource [application-test.yml]]
2023-05-21 13:25:33,767 TRACE org.springframework.boot.logging.DeferredLog [main] Processed imports for of 2 contributors
2023-05-21 13:25:33,768 TRACE org.springframework.boot.logging.DeferredLog [main] Applying config data environment contributions
2023-05-21 13:25:33,769 TRACE org.springframework.boot.logging.DeferredLog [main] Adding imported property source 'Config resource 'class path resource [application-test.yml]' via location 'optional:classpath:/''
2023-05-21 13:25:33,769 TRACE org.springframework.boot.logging.DeferredLog [main] Adding imported property source 'Config resource 'class path resource [application.yml]' via location 'optional:classpath:/''
2023-05-21 13:25:33,770 TRACE org.springframework.boot.logging.DeferredLog [main] Setting default profiles: [default]
2023-05-21 13:25:33,770 TRACE org.springframework.boot.logging.DeferredLog [main] Setting active profiles: [test]
2023-05-21 13:25:33,788 TRACE org.springframework.boot.diagnostics.FailureAnalyzers$LoggingInstantiationFailureHandler [main] Skipping org.springframework.boot.autoconfigure.diagnostics.analyzer.NoSuchBeanDefinitionFailureAnalyzer: Class [org.springframework.boot.autoconfigure.diagnostics.analyzer.NoSuchBeanDefinitionFailureAnalyzer] has no suitable constructor
2023-05-21 13:25:33,795 TRACE org.springframework.boot.diagnostics.FailureAnalyzers$LoggingInstantiationFailureHandler [main] Skipping org.springframework.boot.autoconfigure.flyway.FlywayMigrationScriptMissingFailureAnalyzer: org.springframework.boot.autoconfigure.flyway.FlywayMigrationScriptMissingFailureAnalyzer
2023-05-21 13:25:33,798 TRACE org.springframework.boot.diagnostics.FailureAnalyzers$LoggingInstantiationFailureHandler [main] Skipping org.springframework.boot.autoconfigure.jdbc.DataSourceBeanCreationFailureAnalyzer: Class [org.springframework.boot.autoconfigure.jdbc.DataSourceBeanCreationFailureAnalyzer] has no suitable constructor
2023-05-21 13:25:33,807 TRACE org.springframework.boot.diagnostics.FailureAnalyzers$LoggingInstantiationFailureHandler [main] Skipping org.springframework.boot.autoconfigure.jooq.NoDslContextBeanFailureAnalyzer: Class [org.springframework.boot.autoconfigure.jooq.NoDslContextBeanFailureAnalyzer] has no suitable constructor
2023-05-21 13:25:33,814 TRACE org.springframework.boot.diagnostics.FailureAnalyzers$LoggingInstantiationFailureHandler [main] Skipping org.springframework.boot.autoconfigure.r2dbc.ConnectionFactoryBeanCreationFailureAnalyzer: Class [org.springframework.boot.autoconfigure.r2dbc.ConnectionFactoryBeanCreationFailureAnalyzer] has no suitable constructor
2023-05-21 13:25:33,834 TRACE org.springframework.boot.diagnostics.FailureAnalyzers$LoggingInstantiationFailureHandler [main] Skipping org.springframework.boot.diagnostics.analyzer.BeanCurrentlyInCreationFailureAnalyzer: Class [org.springframework.boot.diagnostics.analyzer.BeanCurrentlyInCreationFailureAnalyzer] has no suitable constructor
2023-05-21 13:25:33,902 TRACE org.springframework.boot.diagnostics.FailureAnalyzers$LoggingInstantiationFailureHandler [main] Skipping org.springframework.boot.diagnostics.analyzer.MutuallyExclusiveConfigurationPropertiesFailureAnalyzer: Class [org.springframework.boot.diagnostics.analyzer.MutuallyExclusiveConfigurationPropertiesFailureAnalyzer] has no suitable constructor
2023-05-21 13:25:33,951 TRACE org.springframework.boot.diagnostics.FailureAnalyzers$LoggingInstantiationFailureHandler [main] Skipping org.springframework.boot.diagnostics.analyzer.NoUniqueBeanDefinitionFailureAnalyzer: Class [org.springframework.boot.diagnostics.analyzer.NoUniqueBeanDefinitionFailureAnalyzer] has no suitable constructor
2023-05-21 13:25:33,970 TRACE org.springframework.boot.diagnostics.FailureAnalyzers$LoggingInstantiationFailureHandler [main] Skipping org.springframework.boot.diagnostics.analyzer.ValidationExceptionFailureAnalyzer: javax/validation/ValidationException
2023-05-21 13:25:33,984 TRACE org.springframework.boot.diagnostics.FailureAnalyzers$LoggingInstantiationFailureHandler [main] Skipping org.springframework.boot.diagnostics.analyzer.InvalidConfigurationPropertyValueFailureAnalyzer: Class [org.springframework.boot.diagnostics.analyzer.InvalidConfigurationPropertyValueFailureAnalyzer] has no suitable constructor
2023-05-21 13:25:33,991 TRACE org.springframework.boot.diagnostics.FailureAnalyzers$LoggingInstantiationFailureHandler [main] Skipping org.springframework.boot.liquibase.LiquibaseChangelogMissingFailureAnalyzer: liquibase/exception/ChangeLogParseException
2023-05-21 13:25:34,011 TRACE org.springframework.boot.diagnostics.FailureAnalyzers [main] FailureAnalyzer null failed
java.lang.NullPointerException: null
	at org.springframework.boot.diagnostics.FailureAnalyzers.analyze(FailureAnalyzers.java:126)
	at org.springframework.boot.diagnostics.FailureAnalyzers.reportException(FailureAnalyzers.java:119)
	at org.springframework.boot.SpringApplication.reportFailure(SpringApplication.java:811)
	at org.springframework.boot.SpringApplication.handleRunFailure(SpringApplication.java:785)
	at org.springframework.boot.SpringApplication.run(SpringApplication.java:317)
	at org.springframework.boot.SpringApplication.run(SpringApplication.java:1303)
	at org.springframework.boot.SpringApplication.run(SpringApplication.java:1292)
	at dev.likelion.jpa.JpaApplication.main(JpaApplication.java:12)
2023-05-21 13:25:34,013 TRACE org.springframework.boot.diagnostics.FailureAnalyzers [main] FailureAnalyzer null failed
java.lang.NullPointerException: null
	at org.springframework.boot.diagnostics.FailureAnalyzers.analyze(FailureAnalyzers.java:126)
	at org.springframework.boot.diagnostics.FailureAnalyzers.reportException(FailureAnalyzers.java:119)
	at org.springframework.boot.SpringApplication.reportFailure(SpringApplication.java:811)
	at org.springframework.boot.SpringApplication.handleRunFailure(SpringApplication.java:785)
	at org.springframework.boot.SpringApplication.run(SpringApplication.java:317)
	at org.springframework.boot.SpringApplication.run(SpringApplication.java:1303)
	at org.springframework.boot.SpringApplication.run(SpringApplication.java:1292)
	at dev.likelion.jpa.JpaApplication.main(JpaApplication.java:12)
2023-05-21 13:25:34,019 TRACE org.springframework.boot.diagnostics.FailureAnalyzers [main] FailureAnalyzer null failed
java.lang.NullPointerException: null
	at org.springframework.boot.diagnostics.FailureAnalyzers.analyze(FailureAnalyzers.java:126)
	at org.springframework.boot.diagnostics.FailureAnalyzers.reportException(FailureAnalyzers.java:119)
	at org.springframework.boot.SpringApplication.reportFailure(SpringApplication.java:811)
	at org.springframework.boot.SpringApplication.handleRunFailure(SpringApplication.java:785)
	at org.springframework.boot.SpringApplication.run(SpringApplication.java:317)
	at org.springframework.boot.SpringApplication.run(SpringApplication.java:1303)
	at org.springframework.boot.SpringApplication.run(SpringApplication.java:1292)
	at dev.likelion.jpa.JpaApplication.main(JpaApplication.java:12)
2023-05-21 13:25:34,021 TRACE org.springframework.boot.diagnostics.FailureAnalyzers [main] FailureAnalyzer null failed
java.lang.NullPointerException: null
	at org.springframework.boot.diagnostics.FailureAnalyzers.analyze(FailureAnalyzers.java:126)
	at org.springframework.boot.diagnostics.FailureAnalyzers.reportException(FailureAnalyzers.java:119)
	at org.springframework.boot.SpringApplication.reportFailure(SpringApplication.java:811)
	at org.springframework.boot.SpringApplication.handleRunFailure(SpringApplication.java:785)
	at org.springframework.boot.SpringApplication.run(SpringApplication.java:317)
	at org.springframework.boot.SpringApplication.run(SpringApplication.java:1303)
	at org.springframework.boot.SpringApplication.run(SpringApplication.java:1292)
	at dev.likelion.jpa.JpaApplication.main(JpaApplication.java:12)
2023-05-21 13:25:34,029 TRACE org.springframework.boot.diagnostics.FailureAnalyzers [main] FailureAnalyzer null failed
java.lang.NullPointerException: null
	at org.springframework.boot.diagnostics.FailureAnalyzers.analyze(FailureAnalyzers.java:126)
	at org.springframework.boot.diagnostics.FailureAnalyzers.reportException(FailureAnalyzers.java:119)
	at org.springframework.boot.SpringApplication.reportFailure(SpringApplication.java:811)
	at org.springframework.boot.SpringApplication.handleRunFailure(SpringApplication.java:785)
	at org.springframework.boot.SpringApplication.run(SpringApplication.java:317)
	at org.springframework.boot.SpringApplication.run(SpringApplication.java:1303)
	at org.springframework.boot.SpringApplication.run(SpringApplication.java:1292)
	at dev.likelion.jpa.JpaApplication.main(JpaApplication.java:12)
2023-05-21 13:25:34,032 TRACE org.springframework.boot.diagnostics.FailureAnalyzers [main] FailureAnalyzer null failed
java.lang.NullPointerException: null
	at org.springframework.boot.diagnostics.FailureAnalyzers.analyze(FailureAnalyzers.java:126)
	at org.springframework.boot.diagnostics.FailureAnalyzers.reportException(FailureAnalyzers.java:119)
	at org.springframework.boot.SpringApplication.reportFailure(SpringApplication.java:811)
	at org.springframework.boot.SpringApplication.handleRunFailure(SpringApplication.java:785)
	at org.springframework.boot.SpringApplication.run(SpringApplication.java:317)
	at org.springframework.boot.SpringApplication.run(SpringApplication.java:1303)
	at org.springframework.boot.SpringApplication.run(SpringApplication.java:1292)
	at dev.likelion.jpa.JpaApplication.main(JpaApplication.java:12)
2023-05-21 13:25:34,035 TRACE org.springframework.boot.diagnostics.FailureAnalyzers [main] FailureAnalyzer null failed
java.lang.NullPointerException: null
	at org.springframework.boot.diagnostics.FailureAnalyzers.analyze(FailureAnalyzers.java:126)
	at org.springframework.boot.diagnostics.FailureAnalyzers.reportException(FailureAnalyzers.java:119)
	at org.springframework.boot.SpringApplication.reportFailure(SpringApplication.java:811)
	at org.springframework.boot.SpringApplication.handleRunFailure(SpringApplication.java:785)
	at org.springframework.boot.SpringApplication.run(SpringApplication.java:317)
	at org.springframework.boot.SpringApplication.run(SpringApplication.java:1303)
	at org.springframework.boot.SpringApplication.run(SpringApplication.java:1292)
	at dev.likelion.jpa.JpaApplication.main(JpaApplication.java:12)
2023-05-21 13:25:34,041 TRACE org.springframework.boot.diagnostics.FailureAnalyzers [main] FailureAnalyzer null failed
java.lang.NullPointerException: null
	at org.springframework.boot.diagnostics.FailureAnalyzers.analyze(FailureAnalyzers.java:126)
	at org.springframework.boot.diagnostics.FailureAnalyzers.reportException(FailureAnalyzers.java:119)
	at org.springframework.boot.SpringApplication.reportFailure(SpringApplication.java:811)
	at org.springframework.boot.SpringApplication.handleRunFailure(SpringApplication.java:785)
	at org.springframework.boot.SpringApplication.run(SpringApplication.java:317)
	at org.springframework.boot.SpringApplication.run(SpringApplication.java:1303)
	at org.springframework.boot.SpringApplication.run(SpringApplication.java:1292)
	at dev.likelion.jpa.JpaApplication.main(JpaApplication.java:12)
2023-05-21 13:25:34,042 TRACE org.springframework.boot.diagnostics.FailureAnalyzers [main] FailureAnalyzer null failed
java.lang.NullPointerException: null
	at org.springframework.boot.diagnostics.FailureAnalyzers.analyze(FailureAnalyzers.java:126)
	at org.springframework.boot.diagnostics.FailureAnalyzers.reportException(FailureAnalyzers.java:119)
	at org.springframework.boot.SpringApplication.reportFailure(SpringApplication.java:811)
	at org.springframework.boot.SpringApplication.handleRunFailure(SpringApplication.java:785)
	at org.springframework.boot.SpringApplication.run(SpringApplication.java:317)
	at org.springframework.boot.SpringApplication.run(SpringApplication.java:1303)
	at org.springframework.boot.SpringApplication.run(SpringApplication.java:1292)
	at dev.likelion.jpa.JpaApplication.main(JpaApplication.java:12)
2023-05-21 13:25:34,044 TRACE org.springframework.boot.diagnostics.FailureAnalyzers [main] FailureAnalyzer null failed
java.lang.NullPointerException: null
	at org.springframework.boot.diagnostics.FailureAnalyzers.analyze(FailureAnalyzers.java:126)
	at org.springframework.boot.diagnostics.FailureAnalyzers.reportException(FailureAnalyzers.java:119)
	at org.springframework.boot.SpringApplication.reportFailure(SpringApplication.java:811)
	at org.springframework.boot.SpringApplication.handleRunFailure(SpringApplication.java:785)
	at org.springframework.boot.SpringApplication.run(SpringApplication.java:317)
	at org.springframework.boot.SpringApplication.run(SpringApplication.java:1303)
	at org.springframework.boot.SpringApplication.run(SpringApplication.java:1292)
	at dev.likelion.jpa.JpaApplication.main(JpaApplication.java:12)
2023-05-21 13:25:34,046 TRACE org.springframework.boot.diagnostics.FailureAnalyzers [main] FailureAnalyzer null failed
java.lang.NullPointerException: null
	at org.springframework.boot.diagnostics.FailureAnalyzers.analyze(FailureAnalyzers.java:126)
	at org.springframework.boot.diagnostics.FailureAnalyzers.reportException(FailureAnalyzers.java:119)
	at org.springframework.boot.SpringApplication.reportFailure(SpringApplication.java:811)
	at org.springframework.boot.SpringApplication.handleRunFailure(SpringApplication.java:785)
	at org.springframework.boot.SpringApplication.run(SpringApplication.java:317)
	at org.springframework.boot.SpringApplication.run(SpringApplication.java:1303)
	at org.springframework.boot.SpringApplication.run(SpringApplication.java:1292)
	at dev.likelion.jpa.JpaApplication.main(JpaApplication.java:12)
2023-05-21 13:25:34,069 TRACE org.springframework.core.io.support.SpringFactoriesLoader [main] Loaded [org.springframework.boot.diagnostics.FailureAnalysisReporter] names: [org.springframework.boot.diagnostics.LoggingFailureAnalysisReporter]
2023-05-21 13:25:34,082 ERROR org.springframework.boot.SpringApplication [main] Application run failed
java.lang.IllegalStateException: java.lang.IllegalStateException: Logback configuration error detected: 
ERROR in ch.qos.logback.core.joran.spi.Interpreter@31:23 - no applicable action for [maxHistory], current ElementPath  is [[configuration][appender][rollingPolicy][timeBasedFileNamingAndTriggeringPolicy][maxHistory]]
ERROR in ch.qos.logback.core.joran.spi.Interpreter@32:25 - no applicable action for [totalSizeCap], current ElementPath  is [[configuration][appender][rollingPolicy][timeBasedFileNamingAndTriggeringPolicy][totalSizeCap]]
	at org.springframework.boot.context.logging.LoggingApplicationListener.initializeSystem(LoggingApplicationListener.java:344)
	at org.springframework.boot.context.logging.LoggingApplicationListener.initialize(LoggingApplicationListener.java:298)
	at org.springframework.boot.context.logging.LoggingApplicationListener.onApplicationEnvironmentPreparedEvent(LoggingApplicationListener.java:246)
	at org.springframework.boot.context.logging.LoggingApplicationListener.onApplicationEvent(LoggingApplicationListener.java:223)
	at org.springframework.context.event.SimpleApplicationEventMulticaster.doInvokeListener(SimpleApplicationEventMulticaster.java:176)
	at org.springframework.context.event.SimpleApplicationEventMulticaster.invokeListener(SimpleApplicationEventMulticaster.java:169)
	at org.springframework.context.event.SimpleApplicationEventMulticaster.multicastEvent(SimpleApplicationEventMulticaster.java:143)
	at org.springframework.context.event.SimpleApplicationEventMulticaster.multicastEvent(SimpleApplicationEventMulticaster.java:131)
	at org.springframework.boot.context.event.EventPublishingRunListener.environmentPrepared(EventPublishingRunListener.java:85)
	at org.springframework.boot.SpringApplicationRunListeners.lambda$environmentPrepared$2(SpringApplicationRunListeners.java:66)
	at java.base/java.util.ArrayList.forEach(ArrayList.java:1541)
	at org.springframework.boot.SpringApplicationRunListeners.doWithListeners(SpringApplicationRunListeners.java:120)
	at org.springframework.boot.SpringApplicationRunListeners.doWithListeners(SpringApplicationRunListeners.java:114)
	at org.springframework.boot.SpringApplicationRunListeners.environmentPrepared(SpringApplicationRunListeners.java:65)
	at org.springframework.boot.SpringApplication.prepareEnvironment(SpringApplication.java:343)
	at org.springframework.boot.SpringApplication.run(SpringApplication.java:301)
	at org.springframework.boot.SpringApplication.run(SpringApplication.java:1303)
	at org.springframework.boot.SpringApplication.run(SpringApplication.java:1292)
	at dev.likelion.jpa.JpaApplication.main(JpaApplication.java:12)
Caused by: java.lang.IllegalStateException: Logback configuration error detected: 
ERROR in ch.qos.logback.core.joran.spi.Interpreter@31:23 - no applicable action for [maxHistory], current ElementPath  is [[configuration][appender][rollingPolicy][timeBasedFileNamingAndTriggeringPolicy][maxHistory]]
ERROR in ch.qos.logback.core.joran.spi.Interpreter@32:25 - no applicable action for [totalSizeCap], current ElementPath  is [[configuration][appender][rollingPolicy][timeBasedFileNamingAndTriggeringPolicy][totalSizeCap]]
	at org.springframework.boot.logging.logback.LogbackLoggingSystem.loadConfiguration(LogbackLoggingSystem.java:179)
	at org.springframework.boot.logging.AbstractLoggingSystem.initializeWithSpecificConfig(AbstractLoggingSystem.java:66)
	at org.springframework.boot.logging.AbstractLoggingSystem.initialize(AbstractLoggingSystem.java:57)
	at org.springframework.boot.logging.logback.LogbackLoggingSystem.initialize(LogbackLoggingSystem.java:132)
	at org.springframework.boot.context.logging.LoggingApplicationListener.initializeSystem(LoggingApplicationListener.java:332)
	... 18 common frames omitted
