2023-05-21 13:29:21,774 TRACE org.springframework.boot.logging.DeferredLog [main] RandomValuePropertySource add to Environment
2023-05-21 13:29:21,786 TRACE org.springframework.boot.logging.DeferredLog [main] Post-processing environment to add config data
2023-05-21 13:29:21,787 TRACE org.springframework.boot.logging.DeferredLog [main] Building config data environment contributors
2023-05-21 13:29:21,788 TRACE org.springframework.boot.logging.DeferredLog [main] Creating wrapped config data contributor for 'configurationProperties'
2023-05-21 13:29:21,789 TRACE org.springframework.boot.logging.DeferredLog [main] Creating wrapped config data contributor for 'servletConfigInitParams'
2023-05-21 13:29:21,792 TRACE org.springframework.boot.logging.DeferredLog [main] Creating wrapped config data contributor for 'servletContextInitParams'
2023-05-21 13:29:21,792 TRACE org.springframework.boot.logging.DeferredLog [main] Creating wrapped config data contributor for 'systemProperties'
2023-05-21 13:29:21,793 TRACE org.springframework.boot.logging.DeferredLog [main] Creating wrapped config data contributor for 'systemEnvironment'
2023-05-21 13:29:21,794 TRACE org.springframework.boot.logging.DeferredLog [main] Creating wrapped config data contributor for 'random'
2023-05-21 13:29:21,795 TRACE org.springframework.boot.logging.DeferredLog [main] Adding initial config data import from location 'optional:file:./;optional:file:./config/;optional:file:./config/*/'
2023-05-21 13:29:21,796 TRACE org.springframework.boot.logging.DeferredLog [main] Adding initial config data import from location 'optional:classpath:/;optional:classpath:/config/'
2023-05-21 13:29:21,796 TRACE org.springframework.boot.logging.DeferredLog [main] Processing initial config data environment contributors without activation context
2023-05-21 13:29:21,797 TRACE org.springframework.boot.logging.DeferredLog [main] Processing imports for phase BEFORE_PROFILE_ACTIVATION. no activation context
2023-05-21 13:29:21,801 TRACE org.springframework.boot.logging.DeferredLog [main] Processing imports [optional:file:./;optional:file:./config/;optional:file:./config/*/]
2023-05-21 13:29:21,802 TRACE org.springframework.boot.logging.DeferredLog [main] Skipping missing resource file:./application.yaml
2023-05-21 13:29:21,803 TRACE org.springframework.boot.logging.DeferredLog [main] Skipping missing resource file:./application.yml
2023-05-21 13:29:21,803 TRACE org.springframework.boot.logging.DeferredLog [main] Skipping missing resource file:./application.xml
2023-05-21 13:29:21,804 TRACE org.springframework.boot.logging.DeferredLog [main] Skipping missing resource file:./application.properties
2023-05-21 13:29:21,805 TRACE org.springframework.boot.logging.DeferredLog [main] Skipping missing resource file:./config/application.yaml
2023-05-21 13:29:21,806 TRACE org.springframework.boot.logging.DeferredLog [main] Skipping missing resource file:./config/application.yml
2023-05-21 13:29:21,806 TRACE org.springframework.boot.logging.DeferredLog [main] Skipping missing resource file:./config/application.xml
2023-05-21 13:29:21,809 TRACE org.springframework.boot.logging.DeferredLog [main] Skipping missing resource file:./config/application.properties
2023-05-21 13:29:21,810 TRACE org.springframework.boot.logging.DeferredLog [main] Considering resource file [.] from location optional:file:./;optional:file:./config/;optional:file:./config/*/
2023-05-21 13:29:21,811 TRACE org.springframework.boot.logging.DeferredLog [main] Loading file [.] using loader org.springframework.boot.context.config.StandardConfigDataLoader
2023-05-21 13:29:21,812 TRACE org.springframework.boot.logging.DeferredLog [main] Loaded resource file [.] from location optional:file:./;optional:file:./config/;optional:file:./config/*/
2023-05-21 13:29:21,813 TRACE org.springframework.boot.logging.DeferredLog [main] Imported 1 resource [file [.]]
2023-05-21 13:29:21,814 TRACE org.springframework.boot.logging.DeferredLog [main] Processing imports [optional:classpath:/;optional:classpath:/config/]
2023-05-21 13:29:21,818 TRACE org.springframework.boot.logging.DeferredLog [main] Skipping missing resource classpath:/application.yaml
2023-05-21 13:29:21,820 TRACE org.springframework.boot.logging.DeferredLog [main] Skipping missing resource classpath:/application.xml
2023-05-21 13:29:21,821 TRACE org.springframework.boot.logging.DeferredLog [main] Skipping missing resource classpath:/application.properties
2023-05-21 13:29:21,821 TRACE org.springframework.boot.logging.DeferredLog [main] Skipping missing resource classpath:/config/application.yaml
2023-05-21 13:29:21,822 TRACE org.springframework.boot.logging.DeferredLog [main] Skipping missing resource classpath:/config/application.yml
2023-05-21 13:29:21,823 TRACE org.springframework.boot.logging.DeferredLog [main] Skipping missing resource classpath:/config/application.xml
2023-05-21 13:29:21,824 TRACE org.springframework.boot.logging.DeferredLog [main] Skipping missing resource classpath:/config/application.properties
2023-05-21 13:29:21,825 TRACE org.springframework.boot.logging.DeferredLog [main] Considering resource class path resource [application.yml] from location optional:classpath:/;optional:classpath:/config/
2023-05-21 13:29:21,826 TRACE org.springframework.boot.logging.DeferredLog [main] Loading class path resource [application.yml] using loader org.springframework.boot.context.config.StandardConfigDataLoader
2023-05-21 13:29:21,826 TRACE org.springframework.boot.logging.DeferredLog [main] Loaded resource class path resource [application.yml] from location optional:classpath:/;optional:classpath:/config/
2023-05-21 13:29:21,827 TRACE org.springframework.boot.logging.DeferredLog [main] Imported 1 resource [class path resource [application.yml]]
2023-05-21 13:29:21,827 TRACE org.springframework.boot.logging.DeferredLog [main] Processed imports for of 2 contributors
2023-05-21 13:29:21,828 TRACE org.springframework.boot.logging.DeferredLog [main] Creating config data activation context from initial contributions
2023-05-21 13:29:21,828 TRACE org.springframework.boot.logging.DeferredLog [main] Processing config data environment contributors with initial activation context
2023-05-21 13:29:21,838 TRACE org.springframework.boot.logging.DeferredLog [main] Processing imports for phase BEFORE_PROFILE_ACTIVATION. [ConfigDataActivationContext@79da1ec0 cloudPlatform = [null], profiles = [null]]
2023-05-21 13:29:21,839 TRACE org.springframework.boot.logging.DeferredLog [main] Processed imports for of 0 contributors
2023-05-21 13:29:21,840 TRACE org.springframework.boot.logging.DeferredLog [main] Deducing profiles from current config data environment contributors
2023-05-21 13:29:21,841 TRACE org.springframework.boot.logging.DeferredLog [main] Processing config data environment contributors with profile activation context
2023-05-21 13:29:21,842 TRACE org.springframework.boot.logging.DeferredLog [main] Processing imports for phase AFTER_PROFILE_ACTIVATION. [ConfigDataActivationContext@19fb8826 cloudPlatform = [null], profiles = [Profiles@192d74fb active = '[test]', default = '[default]', accepted = '[test]']]
2023-05-21 13:29:21,843 TRACE org.springframework.boot.logging.DeferredLog [main] Processing imports [optional:file:./;optional:file:./config/;optional:file:./config/*/]
2023-05-21 13:29:21,844 TRACE org.springframework.boot.logging.DeferredLog [main] Skipping missing resource file:./application.yaml
2023-05-21 13:29:21,845 TRACE org.springframework.boot.logging.DeferredLog [main] Skipping missing resource file:./application.yml
2023-05-21 13:29:21,846 TRACE org.springframework.boot.logging.DeferredLog [main] Skipping missing resource file:./application.xml
2023-05-21 13:29:21,851 TRACE org.springframework.boot.logging.DeferredLog [main] Skipping missing resource file:./application.properties
2023-05-21 13:29:21,855 TRACE org.springframework.boot.logging.DeferredLog [main] Skipping missing resource file:./config/application.yaml
2023-05-21 13:29:21,856 TRACE org.springframework.boot.logging.DeferredLog [main] Skipping missing resource file:./config/application.yml
2023-05-21 13:29:21,856 TRACE org.springframework.boot.logging.DeferredLog [main] Skipping missing resource file:./config/application.xml
2023-05-21 13:29:21,857 TRACE org.springframework.boot.logging.DeferredLog [main] Skipping missing resource file:./config/application.properties
2023-05-21 13:29:21,858 TRACE org.springframework.boot.logging.DeferredLog [main] Skipping missing resource file:./application-test.yaml
2023-05-21 13:29:21,858 TRACE org.springframework.boot.logging.DeferredLog [main] Skipping missing resource file:./application-test.yml
2023-05-21 13:29:21,859 TRACE org.springframework.boot.logging.DeferredLog [main] Skipping missing resource file:./application-test.xml
2023-05-21 13:29:21,859 TRACE org.springframework.boot.logging.DeferredLog [main] Skipping missing resource file:./application-test.properties
2023-05-21 13:29:21,860 TRACE org.springframework.boot.logging.DeferredLog [main] Skipping missing resource file:./config/application-test.yaml
2023-05-21 13:29:21,861 TRACE org.springframework.boot.logging.DeferredLog [main] Skipping missing resource file:./config/application-test.yml
2023-05-21 13:29:21,862 TRACE org.springframework.boot.logging.DeferredLog [main] Skipping missing resource file:./config/application-test.xml
2023-05-21 13:29:21,863 TRACE org.springframework.boot.logging.DeferredLog [main] Skipping missing resource file:./config/application-test.properties
2023-05-21 13:29:21,868 TRACE org.springframework.boot.logging.DeferredLog [main] Considering resource file [.] from location optional:file:./;optional:file:./config/;optional:file:./config/*/
2023-05-21 13:29:21,871 TRACE org.springframework.boot.logging.DeferredLog [main] Already loaded resource file [.] ignoring location optional:file:./;optional:file:./config/;optional:file:./config/*/
2023-05-21 13:29:21,872 TRACE org.springframework.boot.logging.DeferredLog [main] Considering resource file [.] from location optional:file:./;optional:file:./config/;optional:file:./config/*/
2023-05-21 13:29:21,873 TRACE org.springframework.boot.logging.DeferredLog [main] Already loaded resource file [.] ignoring location optional:file:./;optional:file:./config/;optional:file:./config/*/
2023-05-21 13:29:21,874 TRACE org.springframework.boot.logging.DeferredLog [main] Nothing imported
2023-05-21 13:29:21,875 TRACE org.springframework.boot.logging.DeferredLog [main] Processing imports [optional:classpath:/;optional:classpath:/config/]
2023-05-21 13:29:21,875 TRACE org.springframework.boot.logging.DeferredLog [main] Skipping missing resource classpath:/application.yaml
2023-05-21 13:29:21,876 TRACE org.springframework.boot.logging.DeferredLog [main] Skipping missing resource classpath:/application.xml
2023-05-21 13:29:21,876 TRACE org.springframework.boot.logging.DeferredLog [main] Skipping missing resource classpath:/application.properties
2023-05-21 13:29:21,876 TRACE org.springframework.boot.logging.DeferredLog [main] Skipping missing resource classpath:/config/application.yaml
2023-05-21 13:29:21,877 TRACE org.springframework.boot.logging.DeferredLog [main] Skipping missing resource classpath:/config/application.yml
2023-05-21 13:29:21,877 TRACE org.springframework.boot.logging.DeferredLog [main] Skipping missing resource classpath:/config/application.xml
2023-05-21 13:29:21,878 TRACE org.springframework.boot.logging.DeferredLog [main] Skipping missing resource classpath:/config/application.properties
2023-05-21 13:29:21,878 TRACE org.springframework.boot.logging.DeferredLog [main] Skipping missing resource classpath:/application-test.yaml
2023-05-21 13:29:21,879 TRACE org.springframework.boot.logging.DeferredLog [main] Skipping missing resource classpath:/application-test.xml
2023-05-21 13:29:21,879 TRACE org.springframework.boot.logging.DeferredLog [main] Skipping missing resource classpath:/application-test.properties
2023-05-21 13:29:21,879 TRACE org.springframework.boot.logging.DeferredLog [main] Skipping missing resource classpath:/config/application-test.yaml
2023-05-21 13:29:21,880 TRACE org.springframework.boot.logging.DeferredLog [main] Skipping missing resource classpath:/config/application-test.yml
2023-05-21 13:29:21,880 TRACE org.springframework.boot.logging.DeferredLog [main] Skipping missing resource classpath:/config/application-test.xml
2023-05-21 13:29:21,881 TRACE org.springframework.boot.logging.DeferredLog [main] Skipping missing resource classpath:/config/application-test.properties
2023-05-21 13:29:21,885 TRACE org.springframework.boot.logging.DeferredLog [main] Considering resource class path resource [application-test.yml] from location optional:classpath:/;optional:classpath:/config/
2023-05-21 13:29:21,886 TRACE org.springframework.boot.logging.DeferredLog [main] Loading class path resource [application-test.yml] using loader org.springframework.boot.context.config.StandardConfigDataLoader
2023-05-21 13:29:21,887 TRACE org.springframework.boot.logging.DeferredLog [main] Loaded resource class path resource [application-test.yml] from location optional:classpath:/;optional:classpath:/config/
2023-05-21 13:29:21,888 TRACE org.springframework.boot.logging.DeferredLog [main] Considering resource class path resource [application.yml] from location optional:classpath:/;optional:classpath:/config/
2023-05-21 13:29:21,889 TRACE org.springframework.boot.logging.DeferredLog [main] Already loaded resource class path resource [application.yml] ignoring location optional:classpath:/;optional:classpath:/config/
2023-05-21 13:29:21,890 TRACE org.springframework.boot.logging.DeferredLog [main] Imported 1 resource [class path resource [application-test.yml]]
2023-05-21 13:29:21,890 TRACE org.springframework.boot.logging.DeferredLog [main] Processed imports for of 2 contributors
2023-05-21 13:29:21,891 TRACE org.springframework.boot.logging.DeferredLog [main] Applying config data environment contributions
2023-05-21 13:29:21,891 TRACE org.springframework.boot.logging.DeferredLog [main] Adding imported property source 'Config resource 'class path resource [application-test.yml]' via location 'optional:classpath:/''
2023-05-21 13:29:21,892 TRACE org.springframework.boot.logging.DeferredLog [main] Adding imported property source 'Config resource 'class path resource [application.yml]' via location 'optional:classpath:/''
2023-05-21 13:29:21,892 TRACE org.springframework.boot.logging.DeferredLog [main] Setting default profiles: [default]
2023-05-21 13:29:21,893 TRACE org.springframework.boot.logging.DeferredLog [main] Setting active profiles: [test]
2023-05-21 13:29:21,910 TRACE org.springframework.boot.diagnostics.FailureAnalyzers$LoggingInstantiationFailureHandler [main] Skipping org.springframework.boot.autoconfigure.diagnostics.analyzer.NoSuchBeanDefinitionFailureAnalyzer: Class [org.springframework.boot.autoconfigure.diagnostics.analyzer.NoSuchBeanDefinitionFailureAnalyzer] has no suitable constructor
2023-05-21 13:29:21,912 TRACE org.springframework.boot.diagnostics.FailureAnalyzers$LoggingInstantiationFailureHandler [main] Skipping org.springframework.boot.autoconfigure.flyway.FlywayMigrationScriptMissingFailureAnalyzer: org.springframework.boot.autoconfigure.flyway.FlywayMigrationScriptMissingFailureAnalyzer
2023-05-21 13:29:21,920 TRACE org.springframework.boot.diagnostics.FailureAnalyzers$LoggingInstantiationFailureHandler [main] Skipping org.springframework.boot.autoconfigure.jdbc.DataSourceBeanCreationFailureAnalyzer: Class [org.springframework.boot.autoconfigure.jdbc.DataSourceBeanCreationFailureAnalyzer] has no suitable constructor
2023-05-21 13:29:21,928 TRACE org.springframework.boot.diagnostics.FailureAnalyzers$LoggingInstantiationFailureHandler [main] Skipping org.springframework.boot.autoconfigure.jooq.NoDslContextBeanFailureAnalyzer: Class [org.springframework.boot.autoconfigure.jooq.NoDslContextBeanFailureAnalyzer] has no suitable constructor
2023-05-21 13:29:21,933 TRACE org.springframework.boot.diagnostics.FailureAnalyzers$LoggingInstantiationFailureHandler [main] Skipping org.springframework.boot.autoconfigure.r2dbc.ConnectionFactoryBeanCreationFailureAnalyzer: Class [org.springframework.boot.autoconfigure.r2dbc.ConnectionFactoryBeanCreationFailureAnalyzer] has no suitable constructor
2023-05-21 13:29:21,953 TRACE org.springframework.boot.diagnostics.FailureAnalyzers$LoggingInstantiationFailureHandler [main] Skipping org.springframework.boot.diagnostics.analyzer.BeanCurrentlyInCreationFailureAnalyzer: Class [org.springframework.boot.diagnostics.analyzer.BeanCurrentlyInCreationFailureAnalyzer] has no suitable constructor
2023-05-21 13:29:21,993 TRACE org.springframework.boot.diagnostics.FailureAnalyzers$LoggingInstantiationFailureHandler [main] Skipping org.springframework.boot.diagnostics.analyzer.MutuallyExclusiveConfigurationPropertiesFailureAnalyzer: Class [org.springframework.boot.diagnostics.analyzer.MutuallyExclusiveConfigurationPropertiesFailureAnalyzer] has no suitable constructor
2023-05-21 13:29:22,013 TRACE org.springframework.boot.diagnostics.FailureAnalyzers$LoggingInstantiationFailureHandler [main] Skipping org.springframework.boot.diagnostics.analyzer.NoUniqueBeanDefinitionFailureAnalyzer: Class [org.springframework.boot.diagnostics.analyzer.NoUniqueBeanDefinitionFailureAnalyzer] has no suitable constructor
2023-05-21 13:29:22,057 TRACE org.springframework.boot.diagnostics.FailureAnalyzers$LoggingInstantiationFailureHandler [main] Skipping org.springframework.boot.diagnostics.analyzer.ValidationExceptionFailureAnalyzer: javax/validation/ValidationException
2023-05-21 13:29:22,090 TRACE org.springframework.boot.diagnostics.FailureAnalyzers$LoggingInstantiationFailureHandler [main] Skipping org.springframework.boot.diagnostics.analyzer.InvalidConfigurationPropertyValueFailureAnalyzer: Class [org.springframework.boot.diagnostics.analyzer.InvalidConfigurationPropertyValueFailureAnalyzer] has no suitable constructor
2023-05-21 13:29:22,106 TRACE org.springframework.boot.diagnostics.FailureAnalyzers$LoggingInstantiationFailureHandler [main] Skipping org.springframework.boot.liquibase.LiquibaseChangelogMissingFailureAnalyzer: liquibase/exception/ChangeLogParseException
2023-05-21 13:29:22,135 TRACE org.springframework.boot.diagnostics.FailureAnalyzers [main] FailureAnalyzer null failed
java.lang.NullPointerException: null
	at org.springframework.boot.diagnostics.FailureAnalyzers.analyze(FailureAnalyzers.java:126)
	at org.springframework.boot.diagnostics.FailureAnalyzers.reportException(FailureAnalyzers.java:119)
	at org.springframework.boot.SpringApplication.reportFailure(SpringApplication.java:811)
	at org.springframework.boot.SpringApplication.handleRunFailure(SpringApplication.java:785)
	at org.springframework.boot.SpringApplication.run(SpringApplication.java:317)
	at org.springframework.boot.SpringApplication.run(SpringApplication.java:1303)
	at org.springframework.boot.SpringApplication.run(SpringApplication.java:1292)
	at dev.likelion.jpa.JpaApplication.main(JpaApplication.java:12)
2023-05-21 13:29:22,136 TRACE org.springframework.boot.diagnostics.FailureAnalyzers [main] FailureAnalyzer null failed
java.lang.NullPointerException: null
	at org.springframework.boot.diagnostics.FailureAnalyzers.analyze(FailureAnalyzers.java:126)
	at org.springframework.boot.diagnostics.FailureAnalyzers.reportException(FailureAnalyzers.java:119)
	at org.springframework.boot.SpringApplication.reportFailure(SpringApplication.java:811)
	at org.springframework.boot.SpringApplication.handleRunFailure(SpringApplication.java:785)
	at org.springframework.boot.SpringApplication.run(SpringApplication.java:317)
	at org.springframework.boot.SpringApplication.run(SpringApplication.java:1303)
	at org.springframework.boot.SpringApplication.run(SpringApplication.java:1292)
	at dev.likelion.jpa.JpaApplication.main(JpaApplication.java:12)
2023-05-21 13:29:22,159 TRACE org.springframework.boot.diagnostics.FailureAnalyzers [main] FailureAnalyzer null failed
java.lang.NullPointerException: null
	at org.springframework.boot.diagnostics.FailureAnalyzers.analyze(FailureAnalyzers.java:126)
	at org.springframework.boot.diagnostics.FailureAnalyzers.reportException(FailureAnalyzers.java:119)
	at org.springframework.boot.SpringApplication.reportFailure(SpringApplication.java:811)
	at org.springframework.boot.SpringApplication.handleRunFailure(SpringApplication.java:785)
	at org.springframework.boot.SpringApplication.run(SpringApplication.java:317)
	at org.springframework.boot.SpringApplication.run(SpringApplication.java:1303)
	at org.springframework.boot.SpringApplication.run(SpringApplication.java:1292)
	at dev.likelion.jpa.JpaApplication.main(JpaApplication.java:12)
2023-05-21 13:29:22,161 TRACE org.springframework.boot.diagnostics.FailureAnalyzers [main] FailureAnalyzer null failed
java.lang.NullPointerException: null
	at org.springframework.boot.diagnostics.FailureAnalyzers.analyze(FailureAnalyzers.java:126)
	at org.springframework.boot.diagnostics.FailureAnalyzers.reportException(FailureAnalyzers.java:119)
	at org.springframework.boot.SpringApplication.reportFailure(SpringApplication.java:811)
	at org.springframework.boot.SpringApplication.handleRunFailure(SpringApplication.java:785)
	at org.springframework.boot.SpringApplication.run(SpringApplication.java:317)
	at org.springframework.boot.SpringApplication.run(SpringApplication.java:1303)
	at org.springframework.boot.SpringApplication.run(SpringApplication.java:1292)
	at dev.likelion.jpa.JpaApplication.main(JpaApplication.java:12)
2023-05-21 13:29:22,162 TRACE org.springframework.boot.diagnostics.FailureAnalyzers [main] FailureAnalyzer null failed
java.lang.NullPointerException: null
	at org.springframework.boot.diagnostics.FailureAnalyzers.analyze(FailureAnalyzers.java:126)
	at org.springframework.boot.diagnostics.FailureAnalyzers.reportException(FailureAnalyzers.java:119)
	at org.springframework.boot.SpringApplication.reportFailure(SpringApplication.java:811)
	at org.springframework.boot.SpringApplication.handleRunFailure(SpringApplication.java:785)
	at org.springframework.boot.SpringApplication.run(SpringApplication.java:317)
	at org.springframework.boot.SpringApplication.run(SpringApplication.java:1303)
	at org.springframework.boot.SpringApplication.run(SpringApplication.java:1292)
	at dev.likelion.jpa.JpaApplication.main(JpaApplication.java:12)
2023-05-21 13:29:22,164 TRACE org.springframework.boot.diagnostics.FailureAnalyzers [main] FailureAnalyzer null failed
java.lang.NullPointerException: null
	at org.springframework.boot.diagnostics.FailureAnalyzers.analyze(FailureAnalyzers.java:126)
	at org.springframework.boot.diagnostics.FailureAnalyzers.reportException(FailureAnalyzers.java:119)
	at org.springframework.boot.SpringApplication.reportFailure(SpringApplication.java:811)
	at org.springframework.boot.SpringApplication.handleRunFailure(SpringApplication.java:785)
	at org.springframework.boot.SpringApplication.run(SpringApplication.java:317)
	at org.springframework.boot.SpringApplication.run(SpringApplication.java:1303)
	at org.springframework.boot.SpringApplication.run(SpringApplication.java:1292)
	at dev.likelion.jpa.JpaApplication.main(JpaApplication.java:12)
2023-05-21 13:29:22,168 TRACE org.springframework.boot.diagnostics.FailureAnalyzers [main] FailureAnalyzer null failed
java.lang.NullPointerException: null
	at org.springframework.boot.diagnostics.FailureAnalyzers.analyze(FailureAnalyzers.java:126)
	at org.springframework.boot.diagnostics.FailureAnalyzers.reportException(FailureAnalyzers.java:119)
	at org.springframework.boot.SpringApplication.reportFailure(SpringApplication.java:811)
	at org.springframework.boot.SpringApplication.handleRunFailure(SpringApplication.java:785)
	at org.springframework.boot.SpringApplication.run(SpringApplication.java:317)
	at org.springframework.boot.SpringApplication.run(SpringApplication.java:1303)
	at org.springframework.boot.SpringApplication.run(SpringApplication.java:1292)
	at dev.likelion.jpa.JpaApplication.main(JpaApplication.java:12)
2023-05-21 13:29:22,171 TRACE org.springframework.boot.diagnostics.FailureAnalyzers [main] FailureAnalyzer null failed
java.lang.NullPointerException: null
	at org.springframework.boot.diagnostics.FailureAnalyzers.analyze(FailureAnalyzers.java:126)
	at org.springframework.boot.diagnostics.FailureAnalyzers.reportException(FailureAnalyzers.java:119)
	at org.springframework.boot.SpringApplication.reportFailure(SpringApplication.java:811)
	at org.springframework.boot.SpringApplication.handleRunFailure(SpringApplication.java:785)
	at org.springframework.boot.SpringApplication.run(SpringApplication.java:317)
	at org.springframework.boot.SpringApplication.run(SpringApplication.java:1303)
	at org.springframework.boot.SpringApplication.run(SpringApplication.java:1292)
	at dev.likelion.jpa.JpaApplication.main(JpaApplication.java:12)
2023-05-21 13:29:22,172 TRACE org.springframework.boot.diagnostics.FailureAnalyzers [main] FailureAnalyzer null failed
java.lang.NullPointerException: null
	at org.springframework.boot.diagnostics.FailureAnalyzers.analyze(FailureAnalyzers.java:126)
	at org.springframework.boot.diagnostics.FailureAnalyzers.reportException(FailureAnalyzers.java:119)
	at org.springframework.boot.SpringApplication.reportFailure(SpringApplication.java:811)
	at org.springframework.boot.SpringApplication.handleRunFailure(SpringApplication.java:785)
	at org.springframework.boot.SpringApplication.run(SpringApplication.java:317)
	at org.springframework.boot.SpringApplication.run(SpringApplication.java:1303)
	at org.springframework.boot.SpringApplication.run(SpringApplication.java:1292)
	at dev.likelion.jpa.JpaApplication.main(JpaApplication.java:12)
2023-05-21 13:29:22,173 TRACE org.springframework.boot.diagnostics.FailureAnalyzers [main] FailureAnalyzer null failed
java.lang.NullPointerException: null
	at org.springframework.boot.diagnostics.FailureAnalyzers.analyze(FailureAnalyzers.java:126)
	at org.springframework.boot.diagnostics.FailureAnalyzers.reportException(FailureAnalyzers.java:119)
	at org.springframework.boot.SpringApplication.reportFailure(SpringApplication.java:811)
	at org.springframework.boot.SpringApplication.handleRunFailure(SpringApplication.java:785)
	at org.springframework.boot.SpringApplication.run(SpringApplication.java:317)
	at org.springframework.boot.SpringApplication.run(SpringApplication.java:1303)
	at org.springframework.boot.SpringApplication.run(SpringApplication.java:1292)
	at dev.likelion.jpa.JpaApplication.main(JpaApplication.java:12)
2023-05-21 13:29:22,176 TRACE org.springframework.boot.diagnostics.FailureAnalyzers [main] FailureAnalyzer null failed
java.lang.NullPointerException: null
	at org.springframework.boot.diagnostics.FailureAnalyzers.analyze(FailureAnalyzers.java:126)
	at org.springframework.boot.diagnostics.FailureAnalyzers.reportException(FailureAnalyzers.java:119)
	at org.springframework.boot.SpringApplication.reportFailure(SpringApplication.java:811)
	at org.springframework.boot.SpringApplication.handleRunFailure(SpringApplication.java:785)
	at org.springframework.boot.SpringApplication.run(SpringApplication.java:317)
	at org.springframework.boot.SpringApplication.run(SpringApplication.java:1303)
	at org.springframework.boot.SpringApplication.run(SpringApplication.java:1292)
	at dev.likelion.jpa.JpaApplication.main(JpaApplication.java:12)
2023-05-21 13:29:22,178 TRACE org.springframework.core.io.support.SpringFactoriesLoader [main] Loaded [org.springframework.boot.diagnostics.FailureAnalysisReporter] names: [org.springframework.boot.diagnostics.LoggingFailureAnalysisReporter]
2023-05-21 13:29:22,185 ERROR org.springframework.boot.SpringApplication [main] Application run failed
java.lang.IllegalStateException: java.lang.IllegalStateException: Logback configuration error detected: 
ERROR in ch.qos.logback.core.joran.spi.Interpreter@31:23 - no applicable action for [maxHistory], current ElementPath  is [[configuration][appender][rollingPolicy][timeBasedFileNamingAndTriggeringPolicy][maxHistory]]
ERROR in ch.qos.logback.core.joran.spi.Interpreter@32:25 - no applicable action for [totalSizeCap], current ElementPath  is [[configuration][appender][rollingPolicy][timeBasedFileNamingAndTriggeringPolicy][totalSizeCap]]
	at org.springframework.boot.context.logging.LoggingApplicationListener.initializeSystem(LoggingApplicationListener.java:344)
	at org.springframework.boot.context.logging.LoggingApplicationListener.initialize(LoggingApplicationListener.java:298)
	at org.springframework.boot.context.logging.LoggingApplicationListener.onApplicationEnvironmentPreparedEvent(LoggingApplicationListener.java:246)
	at org.springframework.boot.context.logging.LoggingApplicationListener.onApplicationEvent(LoggingApplicationListener.java:223)
	at org.springframework.context.event.SimpleApplicationEventMulticaster.doInvokeListener(SimpleApplicationEventMulticaster.java:176)
	at org.springframework.context.event.SimpleApplicationEventMulticaster.invokeListener(SimpleApplicationEventMulticaster.java:169)
	at org.springframework.context.event.SimpleApplicationEventMulticaster.multicastEvent(SimpleApplicationEventMulticaster.java:143)
	at org.springframework.context.event.SimpleApplicationEventMulticaster.multicastEvent(SimpleApplicationEventMulticaster.java:131)
	at org.springframework.boot.context.event.EventPublishingRunListener.environmentPrepared(EventPublishingRunListener.java:85)
	at org.springframework.boot.SpringApplicationRunListeners.lambda$environmentPrepared$2(SpringApplicationRunListeners.java:66)
	at java.base/java.util.ArrayList.forEach(ArrayList.java:1541)
	at org.springframework.boot.SpringApplicationRunListeners.doWithListeners(SpringApplicationRunListeners.java:120)
	at org.springframework.boot.SpringApplicationRunListeners.doWithListeners(SpringApplicationRunListeners.java:114)
	at org.springframework.boot.SpringApplicationRunListeners.environmentPrepared(SpringApplicationRunListeners.java:65)
	at org.springframework.boot.SpringApplication.prepareEnvironment(SpringApplication.java:343)
	at org.springframework.boot.SpringApplication.run(SpringApplication.java:301)
	at org.springframework.boot.SpringApplication.run(SpringApplication.java:1303)
	at org.springframework.boot.SpringApplication.run(SpringApplication.java:1292)
	at dev.likelion.jpa.JpaApplication.main(JpaApplication.java:12)
Caused by: java.lang.IllegalStateException: Logback configuration error detected: 
ERROR in ch.qos.logback.core.joran.spi.Interpreter@31:23 - no applicable action for [maxHistory], current ElementPath  is [[configuration][appender][rollingPolicy][timeBasedFileNamingAndTriggeringPolicy][maxHistory]]
ERROR in ch.qos.logback.core.joran.spi.Interpreter@32:25 - no applicable action for [totalSizeCap], current ElementPath  is [[configuration][appender][rollingPolicy][timeBasedFileNamingAndTriggeringPolicy][totalSizeCap]]
	at org.springframework.boot.logging.logback.LogbackLoggingSystem.loadConfiguration(LogbackLoggingSystem.java:179)
	at org.springframework.boot.logging.AbstractLoggingSystem.initializeWithSpecificConfig(AbstractLoggingSystem.java:66)
	at org.springframework.boot.logging.AbstractLoggingSystem.initialize(AbstractLoggingSystem.java:57)
	at org.springframework.boot.logging.logback.LogbackLoggingSystem.initialize(LogbackLoggingSystem.java:132)
	at org.springframework.boot.context.logging.LoggingApplicationListener.initializeSystem(LoggingApplicationListener.java:332)
	... 18 common frames omitted
