2023-05-21 13:17:23,389 TRACE org.springframework.boot.logging.DeferredLog [main] RandomValuePropertySource add to Environment
2023-05-21 13:17:23,400 TRACE org.springframework.boot.logging.DeferredLog [main] Post-processing environment to add config data
2023-05-21 13:17:23,401 TRACE org.springframework.boot.logging.DeferredLog [main] Building config data environment contributors
2023-05-21 13:17:23,401 TRACE org.springframework.boot.logging.DeferredLog [main] Creating wrapped config data contributor for 'configurationProperties'
2023-05-21 13:17:23,402 TRACE org.springframework.boot.logging.DeferredLog [main] Creating wrapped config data contributor for 'servletConfigInitParams'
2023-05-21 13:17:23,405 TRACE org.springframework.boot.logging.DeferredLog [main] Creating wrapped config data contributor for 'servletContextInitParams'
2023-05-21 13:17:23,406 TRACE org.springframework.boot.logging.DeferredLog [main] Creating wrapped config data contributor for 'systemProperties'
2023-05-21 13:17:23,407 TRACE org.springframework.boot.logging.DeferredLog [main] Creating wrapped config data contributor for 'systemEnvironment'
2023-05-21 13:17:23,408 TRACE org.springframework.boot.logging.DeferredLog [main] Creating wrapped config data contributor for 'random'
2023-05-21 13:17:23,409 TRACE org.springframework.boot.logging.DeferredLog [main] Adding initial config data import from location 'optional:file:./;optional:file:./config/;optional:file:./config/*/'
2023-05-21 13:17:23,410 TRACE org.springframework.boot.logging.DeferredLog [main] Adding initial config data import from location 'optional:classpath:/;optional:classpath:/config/'
2023-05-21 13:17:23,410 TRACE org.springframework.boot.logging.DeferredLog [main] Processing initial config data environment contributors without activation context
2023-05-21 13:17:23,411 TRACE org.springframework.boot.logging.DeferredLog [main] Processing imports for phase BEFORE_PROFILE_ACTIVATION. no activation context
2023-05-21 13:17:23,412 TRACE org.springframework.boot.logging.DeferredLog [main] Processing imports [optional:file:./;optional:file:./config/;optional:file:./config/*/]
2023-05-21 13:17:23,413 TRACE org.springframework.boot.logging.DeferredLog [main] Skipping missing resource file:./application.yaml
2023-05-21 13:17:23,414 TRACE org.springframework.boot.logging.DeferredLog [main] Skipping missing resource file:./application.yml
2023-05-21 13:17:23,414 TRACE org.springframework.boot.logging.DeferredLog [main] Skipping missing resource file:./application.xml
2023-05-21 13:17:23,418 TRACE org.springframework.boot.logging.DeferredLog [main] Skipping missing resource file:./application.properties
2023-05-21 13:17:23,418 TRACE org.springframework.boot.logging.DeferredLog [main] Skipping missing resource file:./config/application.yaml
2023-05-21 13:17:23,418 TRACE org.springframework.boot.logging.DeferredLog [main] Skipping missing resource file:./config/application.yml
2023-05-21 13:17:23,419 TRACE org.springframework.boot.logging.DeferredLog [main] Skipping missing resource file:./config/application.xml
2023-05-21 13:17:23,420 TRACE org.springframework.boot.logging.DeferredLog [main] Skipping missing resource file:./config/application.properties
2023-05-21 13:17:23,422 TRACE org.springframework.boot.logging.DeferredLog [main] Considering resource file [.] from location optional:file:./;optional:file:./config/;optional:file:./config/*/
2023-05-21 13:17:23,423 TRACE org.springframework.boot.logging.DeferredLog [main] Loading file [.] using loader org.springframework.boot.context.config.StandardConfigDataLoader
2023-05-21 13:17:23,424 TRACE org.springframework.boot.logging.DeferredLog [main] Loaded resource file [.] from location optional:file:./;optional:file:./config/;optional:file:./config/*/
2023-05-21 13:17:23,426 TRACE org.springframework.boot.logging.DeferredLog [main] Imported 1 resource [file [.]]
2023-05-21 13:17:23,427 TRACE org.springframework.boot.logging.DeferredLog [main] Processing imports [optional:classpath:/;optional:classpath:/config/]
2023-05-21 13:17:23,427 TRACE org.springframework.boot.logging.DeferredLog [main] Skipping missing resource classpath:/application.yaml
2023-05-21 13:17:23,428 TRACE org.springframework.boot.logging.DeferredLog [main] Skipping missing resource classpath:/application.xml
2023-05-21 13:17:23,430 TRACE org.springframework.boot.logging.DeferredLog [main] Skipping missing resource classpath:/application.properties
2023-05-21 13:17:23,431 TRACE org.springframework.boot.logging.DeferredLog [main] Skipping missing resource classpath:/config/application.yaml
2023-05-21 13:17:23,432 TRACE org.springframework.boot.logging.DeferredLog [main] Skipping missing resource classpath:/config/application.yml
2023-05-21 13:17:23,433 TRACE org.springframework.boot.logging.DeferredLog [main] Skipping missing resource classpath:/config/application.xml
2023-05-21 13:17:23,434 TRACE org.springframework.boot.logging.DeferredLog [main] Skipping missing resource classpath:/config/application.properties
2023-05-21 13:17:23,435 TRACE org.springframework.boot.logging.DeferredLog [main] Considering resource class path resource [application.yml] from location optional:classpath:/;optional:classpath:/config/
2023-05-21 13:17:23,436 TRACE org.springframework.boot.logging.DeferredLog [main] Loading class path resource [application.yml] using loader org.springframework.boot.context.config.StandardConfigDataLoader
2023-05-21 13:17:23,437 TRACE org.springframework.boot.logging.DeferredLog [main] Loaded resource class path resource [application.yml] from location optional:classpath:/;optional:classpath:/config/
2023-05-21 13:17:23,438 TRACE org.springframework.boot.logging.DeferredLog [main] Imported 1 resource [class path resource [application.yml]]
2023-05-21 13:17:23,439 TRACE org.springframework.boot.logging.DeferredLog [main] Processed imports for of 2 contributors
2023-05-21 13:17:23,440 TRACE org.springframework.boot.logging.DeferredLog [main] Creating config data activation context from initial contributions
2023-05-21 13:17:23,440 TRACE org.springframework.boot.logging.DeferredLog [main] Processing config data environment contributors with initial activation context
2023-05-21 13:17:23,448 TRACE org.springframework.boot.logging.DeferredLog [main] Processing imports for phase BEFORE_PROFILE_ACTIVATION. [ConfigDataActivationContext@295eaa7c cloudPlatform = [null], profiles = [null]]
2023-05-21 13:17:23,449 TRACE org.springframework.boot.logging.DeferredLog [main] Processed imports for of 0 contributors
2023-05-21 13:17:23,449 TRACE org.springframework.boot.logging.DeferredLog [main] Deducing profiles from current config data environment contributors
2023-05-21 13:17:23,450 TRACE org.springframework.boot.logging.DeferredLog [main] Processing config data environment contributors with profile activation context
2023-05-21 13:17:23,451 TRACE org.springframework.boot.logging.DeferredLog [main] Processing imports for phase AFTER_PROFILE_ACTIVATION. [ConfigDataActivationContext@3918c187 cloudPlatform = [null], profiles = [Profiles@2c88b9fc active = '[test]', default = '[default]', accepted = '[test]']]
2023-05-21 13:17:23,452 TRACE org.springframework.boot.logging.DeferredLog [main] Processing imports [optional:file:./;optional:file:./config/;optional:file:./config/*/]
2023-05-21 13:17:23,454 TRACE org.springframework.boot.logging.DeferredLog [main] Skipping missing resource file:./application.yaml
2023-05-21 13:17:23,455 TRACE org.springframework.boot.logging.DeferredLog [main] Skipping missing resource file:./application.yml
2023-05-21 13:17:23,456 TRACE org.springframework.boot.logging.DeferredLog [main] Skipping missing resource file:./application.xml
2023-05-21 13:17:23,457 TRACE org.springframework.boot.logging.DeferredLog [main] Skipping missing resource file:./application.properties
2023-05-21 13:17:23,457 TRACE org.springframework.boot.logging.DeferredLog [main] Skipping missing resource file:./config/application.yaml
2023-05-21 13:17:23,458 TRACE org.springframework.boot.logging.DeferredLog [main] Skipping missing resource file:./config/application.yml
2023-05-21 13:17:23,458 TRACE org.springframework.boot.logging.DeferredLog [main] Skipping missing resource file:./config/application.xml
2023-05-21 13:17:23,459 TRACE org.springframework.boot.logging.DeferredLog [main] Skipping missing resource file:./config/application.properties
2023-05-21 13:17:23,459 TRACE org.springframework.boot.logging.DeferredLog [main] Skipping missing resource file:./application-test.yaml
2023-05-21 13:17:23,459 TRACE org.springframework.boot.logging.DeferredLog [main] Skipping missing resource file:./application-test.yml
2023-05-21 13:17:23,460 TRACE org.springframework.boot.logging.DeferredLog [main] Skipping missing resource file:./application-test.xml
2023-05-21 13:17:23,461 TRACE org.springframework.boot.logging.DeferredLog [main] Skipping missing resource file:./application-test.properties
2023-05-21 13:17:23,461 TRACE org.springframework.boot.logging.DeferredLog [main] Skipping missing resource file:./config/application-test.yaml
2023-05-21 13:17:23,462 TRACE org.springframework.boot.logging.DeferredLog [main] Skipping missing resource file:./config/application-test.yml
2023-05-21 13:17:23,463 TRACE org.springframework.boot.logging.DeferredLog [main] Skipping missing resource file:./config/application-test.xml
2023-05-21 13:17:23,464 TRACE org.springframework.boot.logging.DeferredLog [main] Skipping missing resource file:./config/application-test.properties
2023-05-21 13:17:23,465 TRACE org.springframework.boot.logging.DeferredLog [main] Considering resource file [.] from location optional:file:./;optional:file:./config/;optional:file:./config/*/
2023-05-21 13:17:23,465 TRACE org.springframework.boot.logging.DeferredLog [main] Already loaded resource file [.] ignoring location optional:file:./;optional:file:./config/;optional:file:./config/*/
2023-05-21 13:17:23,466 TRACE org.springframework.boot.logging.DeferredLog [main] Considering resource file [.] from location optional:file:./;optional:file:./config/;optional:file:./config/*/
2023-05-21 13:17:23,467 TRACE org.springframework.boot.logging.DeferredLog [main] Already loaded resource file [.] ignoring location optional:file:./;optional:file:./config/;optional:file:./config/*/
2023-05-21 13:17:23,467 TRACE org.springframework.boot.logging.DeferredLog [main] Nothing imported
2023-05-21 13:17:23,468 TRACE org.springframework.boot.logging.DeferredLog [main] Processing imports [optional:classpath:/;optional:classpath:/config/]
2023-05-21 13:17:23,469 TRACE org.springframework.boot.logging.DeferredLog [main] Skipping missing resource classpath:/application.yaml
2023-05-21 13:17:23,469 TRACE org.springframework.boot.logging.DeferredLog [main] Skipping missing resource classpath:/application.xml
2023-05-21 13:17:23,470 TRACE org.springframework.boot.logging.DeferredLog [main] Skipping missing resource classpath:/application.properties
2023-05-21 13:17:23,470 TRACE org.springframework.boot.logging.DeferredLog [main] Skipping missing resource classpath:/config/application.yaml
2023-05-21 13:17:23,471 TRACE org.springframework.boot.logging.DeferredLog [main] Skipping missing resource classpath:/config/application.yml
2023-05-21 13:17:23,471 TRACE org.springframework.boot.logging.DeferredLog [main] Skipping missing resource classpath:/config/application.xml
2023-05-21 13:17:23,472 TRACE org.springframework.boot.logging.DeferredLog [main] Skipping missing resource classpath:/config/application.properties
2023-05-21 13:17:23,472 TRACE org.springframework.boot.logging.DeferredLog [main] Skipping missing resource classpath:/application-test.yaml
2023-05-21 13:17:23,472 TRACE org.springframework.boot.logging.DeferredLog [main] Skipping missing resource classpath:/application-test.xml
2023-05-21 13:17:23,473 TRACE org.springframework.boot.logging.DeferredLog [main] Skipping missing resource classpath:/application-test.properties
2023-05-21 13:17:23,474 TRACE org.springframework.boot.logging.DeferredLog [main] Skipping missing resource classpath:/config/application-test.yaml
2023-05-21 13:17:23,474 TRACE org.springframework.boot.logging.DeferredLog [main] Skipping missing resource classpath:/config/application-test.yml
2023-05-21 13:17:23,475 TRACE org.springframework.boot.logging.DeferredLog [main] Skipping missing resource classpath:/config/application-test.xml
2023-05-21 13:17:23,476 TRACE org.springframework.boot.logging.DeferredLog [main] Skipping missing resource classpath:/config/application-test.properties
2023-05-21 13:17:23,476 TRACE org.springframework.boot.logging.DeferredLog [main] Considering resource class path resource [application-test.yml] from location optional:classpath:/;optional:classpath:/config/
2023-05-21 13:17:23,477 TRACE org.springframework.boot.logging.DeferredLog [main] Loading class path resource [application-test.yml] using loader org.springframework.boot.context.config.StandardConfigDataLoader
2023-05-21 13:17:23,477 TRACE org.springframework.boot.logging.DeferredLog [main] Loaded resource class path resource [application-test.yml] from location optional:classpath:/;optional:classpath:/config/
2023-05-21 13:17:23,478 TRACE org.springframework.boot.logging.DeferredLog [main] Considering resource class path resource [application.yml] from location optional:classpath:/;optional:classpath:/config/
2023-05-21 13:17:23,480 TRACE org.springframework.boot.logging.DeferredLog [main] Already loaded resource class path resource [application.yml] ignoring location optional:classpath:/;optional:classpath:/config/
2023-05-21 13:17:23,481 TRACE org.springframework.boot.logging.DeferredLog [main] Imported 1 resource [class path resource [application-test.yml]]
2023-05-21 13:17:23,482 TRACE org.springframework.boot.logging.DeferredLog [main] Processed imports for of 2 contributors
2023-05-21 13:17:23,482 TRACE org.springframework.boot.logging.DeferredLog [main] Applying config data environment contributions
2023-05-21 13:17:23,483 TRACE org.springframework.boot.logging.DeferredLog [main] Adding imported property source 'Config resource 'class path resource [application-test.yml]' via location 'optional:classpath:/''
2023-05-21 13:17:23,484 TRACE org.springframework.boot.logging.DeferredLog [main] Adding imported property source 'Config resource 'class path resource [application.yml]' via location 'optional:classpath:/''
2023-05-21 13:17:23,485 TRACE org.springframework.boot.logging.DeferredLog [main] Setting default profiles: [default]
2023-05-21 13:17:23,486 TRACE org.springframework.boot.logging.DeferredLog [main] Setting active profiles: [test]
2023-05-21 13:17:23,499 TRACE org.springframework.boot.diagnostics.FailureAnalyzers$LoggingInstantiationFailureHandler [main] Skipping org.springframework.boot.autoconfigure.diagnostics.analyzer.NoSuchBeanDefinitionFailureAnalyzer: Class [org.springframework.boot.autoconfigure.diagnostics.analyzer.NoSuchBeanDefinitionFailureAnalyzer] has no suitable constructor
2023-05-21 13:17:23,501 TRACE org.springframework.boot.diagnostics.FailureAnalyzers$LoggingInstantiationFailureHandler [main] Skipping org.springframework.boot.autoconfigure.flyway.FlywayMigrationScriptMissingFailureAnalyzer: org.springframework.boot.autoconfigure.flyway.FlywayMigrationScriptMissingFailureAnalyzer
2023-05-21 13:17:23,505 TRACE org.springframework.boot.diagnostics.FailureAnalyzers$LoggingInstantiationFailureHandler [main] Skipping org.springframework.boot.autoconfigure.jdbc.DataSourceBeanCreationFailureAnalyzer: Class [org.springframework.boot.autoconfigure.jdbc.DataSourceBeanCreationFailureAnalyzer] has no suitable constructor
2023-05-21 13:17:23,513 TRACE org.springframework.boot.diagnostics.FailureAnalyzers$LoggingInstantiationFailureHandler [main] Skipping org.springframework.boot.autoconfigure.jooq.NoDslContextBeanFailureAnalyzer: Class [org.springframework.boot.autoconfigure.jooq.NoDslContextBeanFailureAnalyzer] has no suitable constructor
2023-05-21 13:17:23,516 TRACE org.springframework.boot.diagnostics.FailureAnalyzers$LoggingInstantiationFailureHandler [main] Skipping org.springframework.boot.autoconfigure.r2dbc.ConnectionFactoryBeanCreationFailureAnalyzer: Class [org.springframework.boot.autoconfigure.r2dbc.ConnectionFactoryBeanCreationFailureAnalyzer] has no suitable constructor
2023-05-21 13:17:23,537 TRACE org.springframework.boot.diagnostics.FailureAnalyzers$LoggingInstantiationFailureHandler [main] Skipping org.springframework.boot.diagnostics.analyzer.BeanCurrentlyInCreationFailureAnalyzer: Class [org.springframework.boot.diagnostics.analyzer.BeanCurrentlyInCreationFailureAnalyzer] has no suitable constructor
2023-05-21 13:17:23,561 TRACE org.springframework.boot.diagnostics.FailureAnalyzers$LoggingInstantiationFailureHandler [main] Skipping org.springframework.boot.diagnostics.analyzer.MutuallyExclusiveConfigurationPropertiesFailureAnalyzer: Class [org.springframework.boot.diagnostics.analyzer.MutuallyExclusiveConfigurationPropertiesFailureAnalyzer] has no suitable constructor
2023-05-21 13:17:23,566 TRACE org.springframework.boot.diagnostics.FailureAnalyzers$LoggingInstantiationFailureHandler [main] Skipping org.springframework.boot.diagnostics.analyzer.NoUniqueBeanDefinitionFailureAnalyzer: Class [org.springframework.boot.diagnostics.analyzer.NoUniqueBeanDefinitionFailureAnalyzer] has no suitable constructor
2023-05-21 13:17:23,573 TRACE org.springframework.boot.diagnostics.FailureAnalyzers$LoggingInstantiationFailureHandler [main] Skipping org.springframework.boot.diagnostics.analyzer.ValidationExceptionFailureAnalyzer: javax/validation/ValidationException
2023-05-21 13:17:23,577 TRACE org.springframework.boot.diagnostics.FailureAnalyzers$LoggingInstantiationFailureHandler [main] Skipping org.springframework.boot.diagnostics.analyzer.InvalidConfigurationPropertyValueFailureAnalyzer: Class [org.springframework.boot.diagnostics.analyzer.InvalidConfigurationPropertyValueFailureAnalyzer] has no suitable constructor
2023-05-21 13:17:23,582 TRACE org.springframework.boot.diagnostics.FailureAnalyzers$LoggingInstantiationFailureHandler [main] Skipping org.springframework.boot.liquibase.LiquibaseChangelogMissingFailureAnalyzer: liquibase/exception/ChangeLogParseException
2023-05-21 13:17:23,669 TRACE org.springframework.boot.diagnostics.FailureAnalyzers [main] FailureAnalyzer null failed
java.lang.NullPointerException: null
	at org.springframework.boot.diagnostics.FailureAnalyzers.analyze(FailureAnalyzers.java:126)
	at org.springframework.boot.diagnostics.FailureAnalyzers.reportException(FailureAnalyzers.java:119)
	at org.springframework.boot.SpringApplication.reportFailure(SpringApplication.java:811)
	at org.springframework.boot.SpringApplication.handleRunFailure(SpringApplication.java:785)
	at org.springframework.boot.SpringApplication.run(SpringApplication.java:317)
	at org.springframework.boot.SpringApplication.run(SpringApplication.java:1303)
	at org.springframework.boot.SpringApplication.run(SpringApplication.java:1292)
	at dev.likelion.jpa.JpaApplication.main(JpaApplication.java:12)
2023-05-21 13:17:23,677 TRACE org.springframework.boot.diagnostics.FailureAnalyzers [main] FailureAnalyzer null failed
java.lang.NullPointerException: null
	at org.springframework.boot.diagnostics.FailureAnalyzers.analyze(FailureAnalyzers.java:126)
	at org.springframework.boot.diagnostics.FailureAnalyzers.reportException(FailureAnalyzers.java:119)
	at org.springframework.boot.SpringApplication.reportFailure(SpringApplication.java:811)
	at org.springframework.boot.SpringApplication.handleRunFailure(SpringApplication.java:785)
	at org.springframework.boot.SpringApplication.run(SpringApplication.java:317)
	at org.springframework.boot.SpringApplication.run(SpringApplication.java:1303)
	at org.springframework.boot.SpringApplication.run(SpringApplication.java:1292)
	at dev.likelion.jpa.JpaApplication.main(JpaApplication.java:12)
2023-05-21 13:17:23,686 TRACE org.springframework.boot.diagnostics.FailureAnalyzers [main] FailureAnalyzer null failed
java.lang.NullPointerException: null
	at org.springframework.boot.diagnostics.FailureAnalyzers.analyze(FailureAnalyzers.java:126)
	at org.springframework.boot.diagnostics.FailureAnalyzers.reportException(FailureAnalyzers.java:119)
	at org.springframework.boot.SpringApplication.reportFailure(SpringApplication.java:811)
	at org.springframework.boot.SpringApplication.handleRunFailure(SpringApplication.java:785)
	at org.springframework.boot.SpringApplication.run(SpringApplication.java:317)
	at org.springframework.boot.SpringApplication.run(SpringApplication.java:1303)
	at org.springframework.boot.SpringApplication.run(SpringApplication.java:1292)
	at dev.likelion.jpa.JpaApplication.main(JpaApplication.java:12)
2023-05-21 13:17:23,689 TRACE org.springframework.boot.diagnostics.FailureAnalyzers [main] FailureAnalyzer null failed
java.lang.NullPointerException: null
	at org.springframework.boot.diagnostics.FailureAnalyzers.analyze(FailureAnalyzers.java:126)
	at org.springframework.boot.diagnostics.FailureAnalyzers.reportException(FailureAnalyzers.java:119)
	at org.springframework.boot.SpringApplication.reportFailure(SpringApplication.java:811)
	at org.springframework.boot.SpringApplication.handleRunFailure(SpringApplication.java:785)
	at org.springframework.boot.SpringApplication.run(SpringApplication.java:317)
	at org.springframework.boot.SpringApplication.run(SpringApplication.java:1303)
	at org.springframework.boot.SpringApplication.run(SpringApplication.java:1292)
	at dev.likelion.jpa.JpaApplication.main(JpaApplication.java:12)
2023-05-21 13:17:23,698 TRACE org.springframework.boot.diagnostics.FailureAnalyzers [main] FailureAnalyzer null failed
java.lang.NullPointerException: null
	at org.springframework.boot.diagnostics.FailureAnalyzers.analyze(FailureAnalyzers.java:126)
	at org.springframework.boot.diagnostics.FailureAnalyzers.reportException(FailureAnalyzers.java:119)
	at org.springframework.boot.SpringApplication.reportFailure(SpringApplication.java:811)
	at org.springframework.boot.SpringApplication.handleRunFailure(SpringApplication.java:785)
	at org.springframework.boot.SpringApplication.run(SpringApplication.java:317)
	at org.springframework.boot.SpringApplication.run(SpringApplication.java:1303)
	at org.springframework.boot.SpringApplication.run(SpringApplication.java:1292)
	at dev.likelion.jpa.JpaApplication.main(JpaApplication.java:12)
2023-05-21 13:17:23,711 TRACE org.springframework.boot.diagnostics.FailureAnalyzers [main] FailureAnalyzer null failed
java.lang.NullPointerException: null
	at org.springframework.boot.diagnostics.FailureAnalyzers.analyze(FailureAnalyzers.java:126)
	at org.springframework.boot.diagnostics.FailureAnalyzers.reportException(FailureAnalyzers.java:119)
	at org.springframework.boot.SpringApplication.reportFailure(SpringApplication.java:811)
	at org.springframework.boot.SpringApplication.handleRunFailure(SpringApplication.java:785)
	at org.springframework.boot.SpringApplication.run(SpringApplication.java:317)
	at org.springframework.boot.SpringApplication.run(SpringApplication.java:1303)
	at org.springframework.boot.SpringApplication.run(SpringApplication.java:1292)
	at dev.likelion.jpa.JpaApplication.main(JpaApplication.java:12)
2023-05-21 13:17:23,726 TRACE org.springframework.boot.diagnostics.FailureAnalyzers [main] FailureAnalyzer null failed
java.lang.NullPointerException: null
	at org.springframework.boot.diagnostics.FailureAnalyzers.analyze(FailureAnalyzers.java:126)
	at org.springframework.boot.diagnostics.FailureAnalyzers.reportException(FailureAnalyzers.java:119)
	at org.springframework.boot.SpringApplication.reportFailure(SpringApplication.java:811)
	at org.springframework.boot.SpringApplication.handleRunFailure(SpringApplication.java:785)
	at org.springframework.boot.SpringApplication.run(SpringApplication.java:317)
	at org.springframework.boot.SpringApplication.run(SpringApplication.java:1303)
	at org.springframework.boot.SpringApplication.run(SpringApplication.java:1292)
	at dev.likelion.jpa.JpaApplication.main(JpaApplication.java:12)
2023-05-21 13:17:23,736 TRACE org.springframework.boot.diagnostics.FailureAnalyzers [main] FailureAnalyzer null failed
java.lang.NullPointerException: null
	at org.springframework.boot.diagnostics.FailureAnalyzers.analyze(FailureAnalyzers.java:126)
	at org.springframework.boot.diagnostics.FailureAnalyzers.reportException(FailureAnalyzers.java:119)
	at org.springframework.boot.SpringApplication.reportFailure(SpringApplication.java:811)
	at org.springframework.boot.SpringApplication.handleRunFailure(SpringApplication.java:785)
	at org.springframework.boot.SpringApplication.run(SpringApplication.java:317)
	at org.springframework.boot.SpringApplication.run(SpringApplication.java:1303)
	at org.springframework.boot.SpringApplication.run(SpringApplication.java:1292)
	at dev.likelion.jpa.JpaApplication.main(JpaApplication.java:12)
2023-05-21 13:17:23,742 TRACE org.springframework.boot.diagnostics.FailureAnalyzers [main] FailureAnalyzer null failed
java.lang.NullPointerException: null
	at org.springframework.boot.diagnostics.FailureAnalyzers.analyze(FailureAnalyzers.java:126)
	at org.springframework.boot.diagnostics.FailureAnalyzers.reportException(FailureAnalyzers.java:119)
	at org.springframework.boot.SpringApplication.reportFailure(SpringApplication.java:811)
	at org.springframework.boot.SpringApplication.handleRunFailure(SpringApplication.java:785)
	at org.springframework.boot.SpringApplication.run(SpringApplication.java:317)
	at org.springframework.boot.SpringApplication.run(SpringApplication.java:1303)
	at org.springframework.boot.SpringApplication.run(SpringApplication.java:1292)
	at dev.likelion.jpa.JpaApplication.main(JpaApplication.java:12)
2023-05-21 13:17:23,747 TRACE org.springframework.boot.diagnostics.FailureAnalyzers [main] FailureAnalyzer null failed
java.lang.NullPointerException: null
	at org.springframework.boot.diagnostics.FailureAnalyzers.analyze(FailureAnalyzers.java:126)
	at org.springframework.boot.diagnostics.FailureAnalyzers.reportException(FailureAnalyzers.java:119)
	at org.springframework.boot.SpringApplication.reportFailure(SpringApplication.java:811)
	at org.springframework.boot.SpringApplication.handleRunFailure(SpringApplication.java:785)
	at org.springframework.boot.SpringApplication.run(SpringApplication.java:317)
	at org.springframework.boot.SpringApplication.run(SpringApplication.java:1303)
	at org.springframework.boot.SpringApplication.run(SpringApplication.java:1292)
	at dev.likelion.jpa.JpaApplication.main(JpaApplication.java:12)
2023-05-21 13:17:23,749 TRACE org.springframework.boot.diagnostics.FailureAnalyzers [main] FailureAnalyzer null failed
java.lang.NullPointerException: null
	at org.springframework.boot.diagnostics.FailureAnalyzers.analyze(FailureAnalyzers.java:126)
	at org.springframework.boot.diagnostics.FailureAnalyzers.reportException(FailureAnalyzers.java:119)
	at org.springframework.boot.SpringApplication.reportFailure(SpringApplication.java:811)
	at org.springframework.boot.SpringApplication.handleRunFailure(SpringApplication.java:785)
	at org.springframework.boot.SpringApplication.run(SpringApplication.java:317)
	at org.springframework.boot.SpringApplication.run(SpringApplication.java:1303)
	at org.springframework.boot.SpringApplication.run(SpringApplication.java:1292)
	at dev.likelion.jpa.JpaApplication.main(JpaApplication.java:12)
2023-05-21 13:17:23,752 TRACE org.springframework.core.io.support.SpringFactoriesLoader [main] Loaded [org.springframework.boot.diagnostics.FailureAnalysisReporter] names: [org.springframework.boot.diagnostics.LoggingFailureAnalysisReporter]
2023-05-21 13:17:23,756 ERROR org.springframework.boot.SpringApplication [main] Application run failed
java.lang.IllegalStateException: java.lang.IllegalStateException: Logback configuration error detected: 
ERROR in ch.qos.logback.core.joran.spi.Interpreter@31:23 - no applicable action for [maxHistory], current ElementPath  is [[configuration][appender][rollingPolicy][timeBasedFileNamingAndTriggeringPolicy][maxHistory]]
ERROR in ch.qos.logback.core.joran.spi.Interpreter@32:25 - no applicable action for [totalSizeCap], current ElementPath  is [[configuration][appender][rollingPolicy][timeBasedFileNamingAndTriggeringPolicy][totalSizeCap]]
	at org.springframework.boot.context.logging.LoggingApplicationListener.initializeSystem(LoggingApplicationListener.java:344)
	at org.springframework.boot.context.logging.LoggingApplicationListener.initialize(LoggingApplicationListener.java:298)
	at org.springframework.boot.context.logging.LoggingApplicationListener.onApplicationEnvironmentPreparedEvent(LoggingApplicationListener.java:246)
	at org.springframework.boot.context.logging.LoggingApplicationListener.onApplicationEvent(LoggingApplicationListener.java:223)
	at org.springframework.context.event.SimpleApplicationEventMulticaster.doInvokeListener(SimpleApplicationEventMulticaster.java:176)
	at org.springframework.context.event.SimpleApplicationEventMulticaster.invokeListener(SimpleApplicationEventMulticaster.java:169)
	at org.springframework.context.event.SimpleApplicationEventMulticaster.multicastEvent(SimpleApplicationEventMulticaster.java:143)
	at org.springframework.context.event.SimpleApplicationEventMulticaster.multicastEvent(SimpleApplicationEventMulticaster.java:131)
	at org.springframework.boot.context.event.EventPublishingRunListener.environmentPrepared(EventPublishingRunListener.java:85)
	at org.springframework.boot.SpringApplicationRunListeners.lambda$environmentPrepared$2(SpringApplicationRunListeners.java:66)
	at java.base/java.util.ArrayList.forEach(ArrayList.java:1541)
	at org.springframework.boot.SpringApplicationRunListeners.doWithListeners(SpringApplicationRunListeners.java:120)
	at org.springframework.boot.SpringApplicationRunListeners.doWithListeners(SpringApplicationRunListeners.java:114)
	at org.springframework.boot.SpringApplicationRunListeners.environmentPrepared(SpringApplicationRunListeners.java:65)
	at org.springframework.boot.SpringApplication.prepareEnvironment(SpringApplication.java:343)
	at org.springframework.boot.SpringApplication.run(SpringApplication.java:301)
	at org.springframework.boot.SpringApplication.run(SpringApplication.java:1303)
	at org.springframework.boot.SpringApplication.run(SpringApplication.java:1292)
	at dev.likelion.jpa.JpaApplication.main(JpaApplication.java:12)
Caused by: java.lang.IllegalStateException: Logback configuration error detected: 
ERROR in ch.qos.logback.core.joran.spi.Interpreter@31:23 - no applicable action for [maxHistory], current ElementPath  is [[configuration][appender][rollingPolicy][timeBasedFileNamingAndTriggeringPolicy][maxHistory]]
ERROR in ch.qos.logback.core.joran.spi.Interpreter@32:25 - no applicable action for [totalSizeCap], current ElementPath  is [[configuration][appender][rollingPolicy][timeBasedFileNamingAndTriggeringPolicy][totalSizeCap]]
	at org.springframework.boot.logging.logback.LogbackLoggingSystem.loadConfiguration(LogbackLoggingSystem.java:179)
	at org.springframework.boot.logging.AbstractLoggingSystem.initializeWithSpecificConfig(AbstractLoggingSystem.java:66)
	at org.springframework.boot.logging.AbstractLoggingSystem.initialize(AbstractLoggingSystem.java:57)
	at org.springframework.boot.logging.logback.LogbackLoggingSystem.initialize(LogbackLoggingSystem.java:132)
	at org.springframework.boot.context.logging.LoggingApplicationListener.initializeSystem(LoggingApplicationListener.java:332)
	... 18 common frames omitted
