2023-05-24 18:43:08,766 TRACE org.springframework.boot.logging.DeferredLog [main] RandomValuePropertySource add to Environment
2023-05-24 18:43:08,776 TRACE org.springframework.boot.logging.DeferredLog [main] Post-processing environment to add config data
2023-05-24 18:43:08,777 TRACE org.springframework.boot.logging.DeferredLog [main] Building config data environment contributors
2023-05-24 18:43:08,777 TRACE org.springframework.boot.logging.DeferredLog [main] Creating wrapped config data contributor for 'configurationProperties'
2023-05-24 18:43:08,778 TRACE org.springframework.boot.logging.DeferredLog [main] Creating wrapped config data contributor for 'servletConfigInitParams'
2023-05-24 18:43:08,781 TRACE org.springframework.boot.logging.DeferredLog [main] Creating wrapped config data contributor for 'servletContextInitParams'
2023-05-24 18:43:08,781 TRACE org.springframework.boot.logging.DeferredLog [main] Creating wrapped config data contributor for 'systemProperties'
2023-05-24 18:43:08,782 TRACE org.springframework.boot.logging.DeferredLog [main] Creating wrapped config data contributor for 'systemEnvironment'
2023-05-24 18:43:08,783 TRACE org.springframework.boot.logging.DeferredLog [main] Creating wrapped config data contributor for 'random'
2023-05-24 18:43:08,783 TRACE org.springframework.boot.logging.DeferredLog [main] Adding initial config data import from location 'optional:file:./;optional:file:./config/;optional:file:./config/*/'
2023-05-24 18:43:08,784 TRACE org.springframework.boot.logging.DeferredLog [main] Adding initial config data import from location 'optional:classpath:/;optional:classpath:/config/'
2023-05-24 18:43:08,784 TRACE org.springframework.boot.logging.DeferredLog [main] Processing initial config data environment contributors without activation context
2023-05-24 18:43:08,785 TRACE org.springframework.boot.logging.DeferredLog [main] Processing imports for phase BEFORE_PROFILE_ACTIVATION. no activation context
2023-05-24 18:43:08,785 TRACE org.springframework.boot.logging.DeferredLog [main] Processing imports [optional:file:./;optional:file:./config/;optional:file:./config/*/]
2023-05-24 18:43:08,786 TRACE org.springframework.boot.logging.DeferredLog [main] Skipping missing resource file:./application.yaml
2023-05-24 18:43:08,786 TRACE org.springframework.boot.logging.DeferredLog [main] Skipping missing resource file:./application.yml
2023-05-24 18:43:08,787 TRACE org.springframework.boot.logging.DeferredLog [main] Skipping missing resource file:./application.xml
2023-05-24 18:43:08,788 TRACE org.springframework.boot.logging.DeferredLog [main] Skipping missing resource file:./application.properties
2023-05-24 18:43:08,788 TRACE org.springframework.boot.logging.DeferredLog [main] Skipping missing resource file:./config/application.yaml
2023-05-24 18:43:08,789 TRACE org.springframework.boot.logging.DeferredLog [main] Skipping missing resource file:./config/application.yml
2023-05-24 18:43:08,789 TRACE org.springframework.boot.logging.DeferredLog [main] Skipping missing resource file:./config/application.xml
2023-05-24 18:43:08,790 TRACE org.springframework.boot.logging.DeferredLog [main] Skipping missing resource file:./config/application.properties
2023-05-24 18:43:08,791 TRACE org.springframework.boot.logging.DeferredLog [main] Considering resource file [.] from location optional:file:./;optional:file:./config/;optional:file:./config/*/
2023-05-24 18:43:08,791 TRACE org.springframework.boot.logging.DeferredLog [main] Loading file [.] using loader org.springframework.boot.context.config.StandardConfigDataLoader
2023-05-24 18:43:08,792 TRACE org.springframework.boot.logging.DeferredLog [main] Loaded resource file [.] from location optional:file:./;optional:file:./config/;optional:file:./config/*/
2023-05-24 18:43:08,793 TRACE org.springframework.boot.logging.DeferredLog [main] Imported 1 resource [file [.]]
2023-05-24 18:43:08,794 TRACE org.springframework.boot.logging.DeferredLog [main] Processing imports [optional:classpath:/;optional:classpath:/config/]
2023-05-24 18:43:08,794 TRACE org.springframework.boot.logging.DeferredLog [main] Skipping missing resource classpath:/application.yaml
2023-05-24 18:43:08,795 TRACE org.springframework.boot.logging.DeferredLog [main] Skipping missing resource classpath:/application.xml
2023-05-24 18:43:08,796 TRACE org.springframework.boot.logging.DeferredLog [main] Skipping missing resource classpath:/application.properties
2023-05-24 18:43:08,796 TRACE org.springframework.boot.logging.DeferredLog [main] Skipping missing resource classpath:/config/application.yaml
2023-05-24 18:43:08,797 TRACE org.springframework.boot.logging.DeferredLog [main] Skipping missing resource classpath:/config/application.yml
2023-05-24 18:43:08,797 TRACE org.springframework.boot.logging.DeferredLog [main] Skipping missing resource classpath:/config/application.xml
2023-05-24 18:43:08,798 TRACE org.springframework.boot.logging.DeferredLog [main] Skipping missing resource classpath:/config/application.properties
2023-05-24 18:43:08,799 TRACE org.springframework.boot.logging.DeferredLog [main] Considering resource class path resource [application.yml] from location optional:classpath:/;optional:classpath:/config/
2023-05-24 18:43:08,799 TRACE org.springframework.boot.logging.DeferredLog [main] Loading class path resource [application.yml] using loader org.springframework.boot.context.config.StandardConfigDataLoader
2023-05-24 18:43:08,800 TRACE org.springframework.boot.logging.DeferredLog [main] Loaded resource class path resource [application.yml] from location optional:classpath:/;optional:classpath:/config/
2023-05-24 18:43:08,800 TRACE org.springframework.boot.logging.DeferredLog [main] Imported 1 resource [class path resource [application.yml]]
2023-05-24 18:43:08,801 TRACE org.springframework.boot.logging.DeferredLog [main] Processed imports for of 2 contributors
2023-05-24 18:43:08,801 TRACE org.springframework.boot.logging.DeferredLog [main] Creating config data activation context from initial contributions
2023-05-24 18:43:08,801 TRACE org.springframework.boot.logging.DeferredLog [main] Processing config data environment contributors with initial activation context
2023-05-24 18:43:08,809 TRACE org.springframework.boot.logging.DeferredLog [main] Processing imports for phase BEFORE_PROFILE_ACTIVATION. [ConfigDataActivationContext@1e63ec0b cloudPlatform = [null], profiles = [null]]
2023-05-24 18:43:08,810 TRACE org.springframework.boot.logging.DeferredLog [main] Processed imports for of 0 contributors
2023-05-24 18:43:08,810 TRACE org.springframework.boot.logging.DeferredLog [main] Deducing profiles from current config data environment contributors
2023-05-24 18:43:08,811 TRACE org.springframework.boot.logging.DeferredLog [main] Processing config data environment contributors with profile activation context
2023-05-24 18:43:08,811 TRACE org.springframework.boot.logging.DeferredLog [main] Processing imports for phase AFTER_PROFILE_ACTIVATION. [ConfigDataActivationContext@3b956878 cloudPlatform = [null], profiles = [Profiles@36546a22 active = '[test]', default = '[default]', accepted = '[test]']]
2023-05-24 18:43:08,812 TRACE org.springframework.boot.logging.DeferredLog [main] Processing imports [optional:file:./;optional:file:./config/;optional:file:./config/*/]
2023-05-24 18:43:08,813 TRACE org.springframework.boot.logging.DeferredLog [main] Skipping missing resource file:./application.yaml
2023-05-24 18:43:08,814 TRACE org.springframework.boot.logging.DeferredLog [main] Skipping missing resource file:./application.yml
2023-05-24 18:43:08,814 TRACE org.springframework.boot.logging.DeferredLog [main] Skipping missing resource file:./application.xml
2023-05-24 18:43:08,815 TRACE org.springframework.boot.logging.DeferredLog [main] Skipping missing resource file:./application.properties
2023-05-24 18:43:08,815 TRACE org.springframework.boot.logging.DeferredLog [main] Skipping missing resource file:./config/application.yaml
2023-05-24 18:43:08,815 TRACE org.springframework.boot.logging.DeferredLog [main] Skipping missing resource file:./config/application.yml
2023-05-24 18:43:08,816 TRACE org.springframework.boot.logging.DeferredLog [main] Skipping missing resource file:./config/application.xml
2023-05-24 18:43:08,817 TRACE org.springframework.boot.logging.DeferredLog [main] Skipping missing resource file:./config/application.properties
2023-05-24 18:43:08,817 TRACE org.springframework.boot.logging.DeferredLog [main] Skipping missing resource file:./application-test.yaml
2023-05-24 18:43:08,817 TRACE org.springframework.boot.logging.DeferredLog [main] Skipping missing resource file:./application-test.yml
2023-05-24 18:43:08,818 TRACE org.springframework.boot.logging.DeferredLog [main] Skipping missing resource file:./application-test.xml
2023-05-24 18:43:08,818 TRACE org.springframework.boot.logging.DeferredLog [main] Skipping missing resource file:./application-test.properties
2023-05-24 18:43:08,819 TRACE org.springframework.boot.logging.DeferredLog [main] Skipping missing resource file:./config/application-test.yaml
2023-05-24 18:43:08,820 TRACE org.springframework.boot.logging.DeferredLog [main] Skipping missing resource file:./config/application-test.yml
2023-05-24 18:43:08,821 TRACE org.springframework.boot.logging.DeferredLog [main] Skipping missing resource file:./config/application-test.xml
2023-05-24 18:43:08,821 TRACE org.springframework.boot.logging.DeferredLog [main] Skipping missing resource file:./config/application-test.properties
2023-05-24 18:43:08,823 TRACE org.springframework.boot.logging.DeferredLog [main] Considering resource file [.] from location optional:file:./;optional:file:./config/;optional:file:./config/*/
2023-05-24 18:43:08,825 TRACE org.springframework.boot.logging.DeferredLog [main] Already loaded resource file [.] ignoring location optional:file:./;optional:file:./config/;optional:file:./config/*/
2023-05-24 18:43:08,826 TRACE org.springframework.boot.logging.DeferredLog [main] Considering resource file [.] from location optional:file:./;optional:file:./config/;optional:file:./config/*/
2023-05-24 18:43:08,827 TRACE org.springframework.boot.logging.DeferredLog [main] Already loaded resource file [.] ignoring location optional:file:./;optional:file:./config/;optional:file:./config/*/
2023-05-24 18:43:08,827 TRACE org.springframework.boot.logging.DeferredLog [main] Nothing imported
2023-05-24 18:43:08,828 TRACE org.springframework.boot.logging.DeferredLog [main] Processing imports [optional:classpath:/;optional:classpath:/config/]
2023-05-24 18:43:08,829 TRACE org.springframework.boot.logging.DeferredLog [main] Skipping missing resource classpath:/application.yaml
2023-05-24 18:43:08,829 TRACE org.springframework.boot.logging.DeferredLog [main] Skipping missing resource classpath:/application.xml
2023-05-24 18:43:08,830 TRACE org.springframework.boot.logging.DeferredLog [main] Skipping missing resource classpath:/application.properties
2023-05-24 18:43:08,831 TRACE org.springframework.boot.logging.DeferredLog [main] Skipping missing resource classpath:/config/application.yaml
2023-05-24 18:43:08,834 TRACE org.springframework.boot.logging.DeferredLog [main] Skipping missing resource classpath:/config/application.yml
2023-05-24 18:43:08,835 TRACE org.springframework.boot.logging.DeferredLog [main] Skipping missing resource classpath:/config/application.xml
2023-05-24 18:43:08,836 TRACE org.springframework.boot.logging.DeferredLog [main] Skipping missing resource classpath:/config/application.properties
2023-05-24 18:43:08,836 TRACE org.springframework.boot.logging.DeferredLog [main] Skipping missing resource classpath:/application-test.yaml
2023-05-24 18:43:08,837 TRACE org.springframework.boot.logging.DeferredLog [main] Skipping missing resource classpath:/application-test.xml
2023-05-24 18:43:08,837 TRACE org.springframework.boot.logging.DeferredLog [main] Skipping missing resource classpath:/application-test.properties
2023-05-24 18:43:08,837 TRACE org.springframework.boot.logging.DeferredLog [main] Skipping missing resource classpath:/config/application-test.yaml
2023-05-24 18:43:08,838 TRACE org.springframework.boot.logging.DeferredLog [main] Skipping missing resource classpath:/config/application-test.yml
2023-05-24 18:43:08,838 TRACE org.springframework.boot.logging.DeferredLog [main] Skipping missing resource classpath:/config/application-test.xml
2023-05-24 18:43:08,839 TRACE org.springframework.boot.logging.DeferredLog [main] Skipping missing resource classpath:/config/application-test.properties
2023-05-24 18:43:08,839 TRACE org.springframework.boot.logging.DeferredLog [main] Considering resource class path resource [application-test.yml] from location optional:classpath:/;optional:classpath:/config/
2023-05-24 18:43:08,839 TRACE org.springframework.boot.logging.DeferredLog [main] Loading class path resource [application-test.yml] using loader org.springframework.boot.context.config.StandardConfigDataLoader
2023-05-24 18:43:08,840 TRACE org.springframework.boot.logging.DeferredLog [main] Loaded resource class path resource [application-test.yml] from location optional:classpath:/;optional:classpath:/config/
2023-05-24 18:43:08,840 TRACE org.springframework.boot.logging.DeferredLog [main] Considering resource class path resource [application.yml] from location optional:classpath:/;optional:classpath:/config/
2023-05-24 18:43:08,841 TRACE org.springframework.boot.logging.DeferredLog [main] Already loaded resource class path resource [application.yml] ignoring location optional:classpath:/;optional:classpath:/config/
2023-05-24 18:43:08,841 TRACE org.springframework.boot.logging.DeferredLog [main] Imported 1 resource [class path resource [application-test.yml]]
2023-05-24 18:43:08,842 TRACE org.springframework.boot.logging.DeferredLog [main] Processed imports for of 2 contributors
2023-05-24 18:43:08,842 TRACE org.springframework.boot.logging.DeferredLog [main] Applying config data environment contributions
2023-05-24 18:43:08,843 TRACE org.springframework.boot.logging.DeferredLog [main] Adding imported property source 'Config resource 'class path resource [application-test.yml]' via location 'optional:classpath:/''
2023-05-24 18:43:08,843 TRACE org.springframework.boot.logging.DeferredLog [main] Adding imported property source 'Config resource 'class path resource [application.yml]' via location 'optional:classpath:/''
2023-05-24 18:43:08,844 TRACE org.springframework.boot.logging.DeferredLog [main] Setting default profiles: [default]
2023-05-24 18:43:08,844 TRACE org.springframework.boot.logging.DeferredLog [main] Setting active profiles: [test]
2023-05-24 18:43:08,868 TRACE org.springframework.boot.diagnostics.FailureAnalyzers$LoggingInstantiationFailureHandler [main] Skipping org.springframework.boot.autoconfigure.diagnostics.analyzer.NoSuchBeanDefinitionFailureAnalyzer: Class [org.springframework.boot.autoconfigure.diagnostics.analyzer.NoSuchBeanDefinitionFailureAnalyzer] has no suitable constructor
2023-05-24 18:43:08,870 TRACE org.springframework.boot.diagnostics.FailureAnalyzers$LoggingInstantiationFailureHandler [main] Skipping org.springframework.boot.autoconfigure.flyway.FlywayMigrationScriptMissingFailureAnalyzer: org.springframework.boot.autoconfigure.flyway.FlywayMigrationScriptMissingFailureAnalyzer
2023-05-24 18:43:08,873 TRACE org.springframework.boot.diagnostics.FailureAnalyzers$LoggingInstantiationFailureHandler [main] Skipping org.springframework.boot.autoconfigure.jdbc.DataSourceBeanCreationFailureAnalyzer: Class [org.springframework.boot.autoconfigure.jdbc.DataSourceBeanCreationFailureAnalyzer] has no suitable constructor
2023-05-24 18:43:08,880 TRACE org.springframework.boot.diagnostics.FailureAnalyzers$LoggingInstantiationFailureHandler [main] Skipping org.springframework.boot.autoconfigure.jooq.NoDslContextBeanFailureAnalyzer: Class [org.springframework.boot.autoconfigure.jooq.NoDslContextBeanFailureAnalyzer] has no suitable constructor
2023-05-24 18:43:08,883 TRACE org.springframework.boot.diagnostics.FailureAnalyzers$LoggingInstantiationFailureHandler [main] Skipping org.springframework.boot.autoconfigure.r2dbc.ConnectionFactoryBeanCreationFailureAnalyzer: Class [org.springframework.boot.autoconfigure.r2dbc.ConnectionFactoryBeanCreationFailureAnalyzer] has no suitable constructor
2023-05-24 18:43:08,897 TRACE org.springframework.boot.diagnostics.FailureAnalyzers$LoggingInstantiationFailureHandler [main] Skipping org.springframework.boot.diagnostics.analyzer.BeanCurrentlyInCreationFailureAnalyzer: Class [org.springframework.boot.diagnostics.analyzer.BeanCurrentlyInCreationFailureAnalyzer] has no suitable constructor
2023-05-24 18:43:08,914 TRACE org.springframework.boot.diagnostics.FailureAnalyzers$LoggingInstantiationFailureHandler [main] Skipping org.springframework.boot.diagnostics.analyzer.MutuallyExclusiveConfigurationPropertiesFailureAnalyzer: Class [org.springframework.boot.diagnostics.analyzer.MutuallyExclusiveConfigurationPropertiesFailureAnalyzer] has no suitable constructor
2023-05-24 18:43:08,918 TRACE org.springframework.boot.diagnostics.FailureAnalyzers$LoggingInstantiationFailureHandler [main] Skipping org.springframework.boot.diagnostics.analyzer.NoUniqueBeanDefinitionFailureAnalyzer: Class [org.springframework.boot.diagnostics.analyzer.NoUniqueBeanDefinitionFailureAnalyzer] has no suitable constructor
2023-05-24 18:43:08,929 TRACE org.springframework.boot.diagnostics.FailureAnalyzers$LoggingInstantiationFailureHandler [main] Skipping org.springframework.boot.diagnostics.analyzer.InvalidConfigurationPropertyValueFailureAnalyzer: Class [org.springframework.boot.diagnostics.analyzer.InvalidConfigurationPropertyValueFailureAnalyzer] has no suitable constructor
2023-05-24 18:43:08,933 TRACE org.springframework.boot.diagnostics.FailureAnalyzers$LoggingInstantiationFailureHandler [main] Skipping org.springframework.boot.liquibase.LiquibaseChangelogMissingFailureAnalyzer: liquibase/exception/ChangeLogParseException
2023-05-24 18:43:08,947 TRACE org.springframework.boot.diagnostics.FailureAnalyzers [main] FailureAnalyzer null failed
java.lang.NullPointerException: null
	at org.springframework.boot.diagnostics.FailureAnalyzers.analyze(FailureAnalyzers.java:126)
	at org.springframework.boot.diagnostics.FailureAnalyzers.reportException(FailureAnalyzers.java:119)
	at org.springframework.boot.SpringApplication.reportFailure(SpringApplication.java:811)
	at org.springframework.boot.SpringApplication.handleRunFailure(SpringApplication.java:785)
	at org.springframework.boot.SpringApplication.run(SpringApplication.java:317)
	at org.springframework.boot.SpringApplication.run(SpringApplication.java:1303)
	at org.springframework.boot.SpringApplication.run(SpringApplication.java:1292)
	at dev.likelion.jpa.JpaApplication.main(JpaApplication.java:11)
2023-05-24 18:43:08,949 TRACE org.springframework.boot.diagnostics.FailureAnalyzers [main] FailureAnalyzer null failed
java.lang.NullPointerException: null
	at org.springframework.boot.diagnostics.FailureAnalyzers.analyze(FailureAnalyzers.java:126)
	at org.springframework.boot.diagnostics.FailureAnalyzers.reportException(FailureAnalyzers.java:119)
	at org.springframework.boot.SpringApplication.reportFailure(SpringApplication.java:811)
	at org.springframework.boot.SpringApplication.handleRunFailure(SpringApplication.java:785)
	at org.springframework.boot.SpringApplication.run(SpringApplication.java:317)
	at org.springframework.boot.SpringApplication.run(SpringApplication.java:1303)
	at org.springframework.boot.SpringApplication.run(SpringApplication.java:1292)
	at dev.likelion.jpa.JpaApplication.main(JpaApplication.java:11)
2023-05-24 18:43:08,950 TRACE org.springframework.boot.diagnostics.FailureAnalyzers [main] FailureAnalyzer null failed
java.lang.NullPointerException: null
	at org.springframework.boot.diagnostics.FailureAnalyzers.analyze(FailureAnalyzers.java:126)
	at org.springframework.boot.diagnostics.FailureAnalyzers.reportException(FailureAnalyzers.java:119)
	at org.springframework.boot.SpringApplication.reportFailure(SpringApplication.java:811)
	at org.springframework.boot.SpringApplication.handleRunFailure(SpringApplication.java:785)
	at org.springframework.boot.SpringApplication.run(SpringApplication.java:317)
	at org.springframework.boot.SpringApplication.run(SpringApplication.java:1303)
	at org.springframework.boot.SpringApplication.run(SpringApplication.java:1292)
	at dev.likelion.jpa.JpaApplication.main(JpaApplication.java:11)
2023-05-24 18:43:08,951 TRACE org.springframework.boot.diagnostics.FailureAnalyzers [main] FailureAnalyzer null failed
java.lang.NullPointerException: null
	at org.springframework.boot.diagnostics.FailureAnalyzers.analyze(FailureAnalyzers.java:126)
	at org.springframework.boot.diagnostics.FailureAnalyzers.reportException(FailureAnalyzers.java:119)
	at org.springframework.boot.SpringApplication.reportFailure(SpringApplication.java:811)
	at org.springframework.boot.SpringApplication.handleRunFailure(SpringApplication.java:785)
	at org.springframework.boot.SpringApplication.run(SpringApplication.java:317)
	at org.springframework.boot.SpringApplication.run(SpringApplication.java:1303)
	at org.springframework.boot.SpringApplication.run(SpringApplication.java:1292)
	at dev.likelion.jpa.JpaApplication.main(JpaApplication.java:11)
2023-05-24 18:43:08,952 TRACE org.springframework.boot.diagnostics.FailureAnalyzers [main] FailureAnalyzer null failed
java.lang.NullPointerException: null
	at org.springframework.boot.diagnostics.FailureAnalyzers.analyze(FailureAnalyzers.java:126)
	at org.springframework.boot.diagnostics.FailureAnalyzers.reportException(FailureAnalyzers.java:119)
	at org.springframework.boot.SpringApplication.reportFailure(SpringApplication.java:811)
	at org.springframework.boot.SpringApplication.handleRunFailure(SpringApplication.java:785)
	at org.springframework.boot.SpringApplication.run(SpringApplication.java:317)
	at org.springframework.boot.SpringApplication.run(SpringApplication.java:1303)
	at org.springframework.boot.SpringApplication.run(SpringApplication.java:1292)
	at dev.likelion.jpa.JpaApplication.main(JpaApplication.java:11)
2023-05-24 18:43:08,953 TRACE org.springframework.boot.diagnostics.FailureAnalyzers [main] FailureAnalyzer null failed
java.lang.NullPointerException: null
	at org.springframework.boot.diagnostics.FailureAnalyzers.analyze(FailureAnalyzers.java:126)
	at org.springframework.boot.diagnostics.FailureAnalyzers.reportException(FailureAnalyzers.java:119)
	at org.springframework.boot.SpringApplication.reportFailure(SpringApplication.java:811)
	at org.springframework.boot.SpringApplication.handleRunFailure(SpringApplication.java:785)
	at org.springframework.boot.SpringApplication.run(SpringApplication.java:317)
	at org.springframework.boot.SpringApplication.run(SpringApplication.java:1303)
	at org.springframework.boot.SpringApplication.run(SpringApplication.java:1292)
	at dev.likelion.jpa.JpaApplication.main(JpaApplication.java:11)
2023-05-24 18:43:08,955 TRACE org.springframework.boot.diagnostics.FailureAnalyzers [main] FailureAnalyzer null failed
java.lang.NullPointerException: null
	at org.springframework.boot.diagnostics.FailureAnalyzers.analyze(FailureAnalyzers.java:126)
	at org.springframework.boot.diagnostics.FailureAnalyzers.reportException(FailureAnalyzers.java:119)
	at org.springframework.boot.SpringApplication.reportFailure(SpringApplication.java:811)
	at org.springframework.boot.SpringApplication.handleRunFailure(SpringApplication.java:785)
	at org.springframework.boot.SpringApplication.run(SpringApplication.java:317)
	at org.springframework.boot.SpringApplication.run(SpringApplication.java:1303)
	at org.springframework.boot.SpringApplication.run(SpringApplication.java:1292)
	at dev.likelion.jpa.JpaApplication.main(JpaApplication.java:11)
2023-05-24 18:43:08,956 TRACE org.springframework.boot.diagnostics.FailureAnalyzers [main] FailureAnalyzer null failed
java.lang.NullPointerException: null
	at org.springframework.boot.diagnostics.FailureAnalyzers.analyze(FailureAnalyzers.java:126)
	at org.springframework.boot.diagnostics.FailureAnalyzers.reportException(FailureAnalyzers.java:119)
	at org.springframework.boot.SpringApplication.reportFailure(SpringApplication.java:811)
	at org.springframework.boot.SpringApplication.handleRunFailure(SpringApplication.java:785)
	at org.springframework.boot.SpringApplication.run(SpringApplication.java:317)
	at org.springframework.boot.SpringApplication.run(SpringApplication.java:1303)
	at org.springframework.boot.SpringApplication.run(SpringApplication.java:1292)
	at dev.likelion.jpa.JpaApplication.main(JpaApplication.java:11)
2023-05-24 18:43:08,958 TRACE org.springframework.boot.diagnostics.FailureAnalyzers [main] FailureAnalyzer null failed
java.lang.NullPointerException: null
	at org.springframework.boot.diagnostics.FailureAnalyzers.analyze(FailureAnalyzers.java:126)
	at org.springframework.boot.diagnostics.FailureAnalyzers.reportException(FailureAnalyzers.java:119)
	at org.springframework.boot.SpringApplication.reportFailure(SpringApplication.java:811)
	at org.springframework.boot.SpringApplication.handleRunFailure(SpringApplication.java:785)
	at org.springframework.boot.SpringApplication.run(SpringApplication.java:317)
	at org.springframework.boot.SpringApplication.run(SpringApplication.java:1303)
	at org.springframework.boot.SpringApplication.run(SpringApplication.java:1292)
	at dev.likelion.jpa.JpaApplication.main(JpaApplication.java:11)
2023-05-24 18:43:08,962 TRACE org.springframework.boot.diagnostics.FailureAnalyzers [main] FailureAnalyzer null failed
java.lang.NullPointerException: null
	at org.springframework.boot.diagnostics.FailureAnalyzers.analyze(FailureAnalyzers.java:126)
	at org.springframework.boot.diagnostics.FailureAnalyzers.reportException(FailureAnalyzers.java:119)
	at org.springframework.boot.SpringApplication.reportFailure(SpringApplication.java:811)
	at org.springframework.boot.SpringApplication.handleRunFailure(SpringApplication.java:785)
	at org.springframework.boot.SpringApplication.run(SpringApplication.java:317)
	at org.springframework.boot.SpringApplication.run(SpringApplication.java:1303)
	at org.springframework.boot.SpringApplication.run(SpringApplication.java:1292)
	at dev.likelion.jpa.JpaApplication.main(JpaApplication.java:11)
2023-05-24 18:43:08,970 TRACE org.springframework.core.io.support.SpringFactoriesLoader [main] Loaded [org.springframework.boot.diagnostics.FailureAnalysisReporter] names: [org.springframework.boot.diagnostics.LoggingFailureAnalysisReporter]
2023-05-24 18:43:08,972 ERROR org.springframework.boot.SpringApplication [main] Application run failed
java.lang.IllegalStateException: java.lang.IllegalStateException: Logback configuration error detected: 
ERROR in ch.qos.logback.core.joran.spi.Interpreter@31:23 - no applicable action for [maxHistory], current ElementPath  is [[configuration][appender][rollingPolicy][timeBasedFileNamingAndTriggeringPolicy][maxHistory]]
ERROR in ch.qos.logback.core.joran.spi.Interpreter@32:25 - no applicable action for [totalSizeCap], current ElementPath  is [[configuration][appender][rollingPolicy][timeBasedFileNamingAndTriggeringPolicy][totalSizeCap]]
	at org.springframework.boot.context.logging.LoggingApplicationListener.initializeSystem(LoggingApplicationListener.java:344)
	at org.springframework.boot.context.logging.LoggingApplicationListener.initialize(LoggingApplicationListener.java:298)
	at org.springframework.boot.context.logging.LoggingApplicationListener.onApplicationEnvironmentPreparedEvent(LoggingApplicationListener.java:246)
	at org.springframework.boot.context.logging.LoggingApplicationListener.onApplicationEvent(LoggingApplicationListener.java:223)
	at org.springframework.context.event.SimpleApplicationEventMulticaster.doInvokeListener(SimpleApplicationEventMulticaster.java:176)
	at org.springframework.context.event.SimpleApplicationEventMulticaster.invokeListener(SimpleApplicationEventMulticaster.java:169)
	at org.springframework.context.event.SimpleApplicationEventMulticaster.multicastEvent(SimpleApplicationEventMulticaster.java:143)
	at org.springframework.context.event.SimpleApplicationEventMulticaster.multicastEvent(SimpleApplicationEventMulticaster.java:131)
	at org.springframework.boot.context.event.EventPublishingRunListener.environmentPrepared(EventPublishingRunListener.java:85)
	at org.springframework.boot.SpringApplicationRunListeners.lambda$environmentPrepared$2(SpringApplicationRunListeners.java:66)
	at java.base/java.util.ArrayList.forEach(ArrayList.java:1541)
	at org.springframework.boot.SpringApplicationRunListeners.doWithListeners(SpringApplicationRunListeners.java:120)
	at org.springframework.boot.SpringApplicationRunListeners.doWithListeners(SpringApplicationRunListeners.java:114)
	at org.springframework.boot.SpringApplicationRunListeners.environmentPrepared(SpringApplicationRunListeners.java:65)
	at org.springframework.boot.SpringApplication.prepareEnvironment(SpringApplication.java:343)
	at org.springframework.boot.SpringApplication.run(SpringApplication.java:301)
	at org.springframework.boot.SpringApplication.run(SpringApplication.java:1303)
	at org.springframework.boot.SpringApplication.run(SpringApplication.java:1292)
	at dev.likelion.jpa.JpaApplication.main(JpaApplication.java:11)
Caused by: java.lang.IllegalStateException: Logback configuration error detected: 
ERROR in ch.qos.logback.core.joran.spi.Interpreter@31:23 - no applicable action for [maxHistory], current ElementPath  is [[configuration][appender][rollingPolicy][timeBasedFileNamingAndTriggeringPolicy][maxHistory]]
ERROR in ch.qos.logback.core.joran.spi.Interpreter@32:25 - no applicable action for [totalSizeCap], current ElementPath  is [[configuration][appender][rollingPolicy][timeBasedFileNamingAndTriggeringPolicy][totalSizeCap]]
	at org.springframework.boot.logging.logback.LogbackLoggingSystem.loadConfiguration(LogbackLoggingSystem.java:179)
	at org.springframework.boot.logging.AbstractLoggingSystem.initializeWithSpecificConfig(AbstractLoggingSystem.java:66)
	at org.springframework.boot.logging.AbstractLoggingSystem.initialize(AbstractLoggingSystem.java:57)
	at org.springframework.boot.logging.logback.LogbackLoggingSystem.initialize(LogbackLoggingSystem.java:132)
	at org.springframework.boot.context.logging.LoggingApplicationListener.initializeSystem(LoggingApplicationListener.java:332)
	... 18 common frames omitted
